{"level":"warn","message":"GameLoader.loadAuthDir: channel ultimatum: authorization disabled in configuration file","timestamp":"2019-12-31T13:56:20.256Z"}
{"level":"warn","message":"GameLoader.loadAuthDir: channel ultimatum: authorization disabled in configuration file","timestamp":"2019-12-31T14:15:33.261Z"}
{"level":"warn","message":"GameLoader.loadAuthDir: channel ultimatum: authorization disabled in configuration file","timestamp":"2019-12-31T14:20:30.074Z"}
{"level":"warn","message":"GameLoader.loadAuthDir: channel ultimatum: authorization disabled in configuration file","timestamp":"2020-01-01T21:22:52.684Z"}
{"level":"warn","message":"GameLoader.loadAuthDir: channel ultimatum: authorization disabled in configuration file","timestamp":"2020-01-02T22:52:35.590Z"}
{"level":"warn","message":"GameLoader.loadAuthDir: channel ultimatum: authorization disabled in configuration file","timestamp":"2020-01-02T22:59:04.674Z"}
{"level":"error","message":"ServerNode caught an exception: \nError: Stager.extendStep: stepId not found: questionnaire\n    at Stager.extendStep (C:\\Users\\User\\Downloads\\nodegame-v5.6.1\\node_modules\\nodegame-client\\lib\\stager\\stager_extends.js:41:19)\n    at Object.module.exports [as logic] (C:\\Users\\User\\Downloads\\nodegame-v5.6.1\\games_available\\ultimatum-game\\game\\client_types\\logic.js:104:12)\n    at GameRoom.getClientType (C:\\Users\\User\\Downloads\\nodegame-v5.6.1\\node_modules\\nodegame-server\\lib\\rooms\\GameRoom.js:819:34)\n    at GameRoom.setupLogic (C:\\Users\\User\\Downloads\\nodegame-v5.6.1\\node_modules\\nodegame-server\\lib\\rooms\\GameRoom.js:1245:17)\n    at GameRoom.setupGame (C:\\Users\\User\\Downloads\\nodegame-v5.6.1\\node_modules\\nodegame-server\\lib\\rooms\\GameRoom.js:531:29)\n    at WaitingRoom.doDispatch (C:\\Users\\User\\Downloads\\nodegame-v5.6.1\\node_modules\\nodegame-server\\lib\\rooms\\WaitingRoom.js:1394:30)\n    at cb (C:\\Users\\User\\Downloads\\nodegame-v5.6.1\\node_modules\\nodegame-server\\lib\\rooms\\WaitingRoom.js:1060:22)\n    at Game.pingReturnedCb (C:\\Users\\User\\Downloads\\nodegame-v5.6.1\\node_modules\\nodegame-server\\lib\\rooms\\WaitingRoom.js:1094:13)\n    at Game.g (C:\\Users\\User\\Downloads\\nodegame-v5.6.1\\node_modules\\nodegame-client\\lib\\modules\\ssgd.js:239:24)\n    at EventEmitter.emit (C:\\Users\\User\\Downloads\\nodegame-v5.6.1\\node_modules\\nodegame-client\\lib\\core\\EventEmitter.js:216:31)","timestamp":"2020-01-02T22:59:18.449Z"}
{"level":"error","message":"ServerNode caught an exception: \nError: Stager.extendStep: stepId not found: questionnaire\n    at Stager.extendStep (C:\\Users\\User\\Downloads\\nodegame-v5.6.1\\node_modules\\nodegame-client\\lib\\stager\\stager_extends.js:41:19)\n    at Object.module.exports [as logic] (C:\\Users\\User\\Downloads\\nodegame-v5.6.1\\games_available\\ultimatum-game\\game\\client_types\\logic.js:104:12)\n    at GameRoom.getClientType (C:\\Users\\User\\Downloads\\nodegame-v5.6.1\\node_modules\\nodegame-server\\lib\\rooms\\GameRoom.js:819:34)\n    at GameRoom.setupLogic (C:\\Users\\User\\Downloads\\nodegame-v5.6.1\\node_modules\\nodegame-server\\lib\\rooms\\GameRoom.js:1245:17)\n    at GameRoom.setupGame (C:\\Users\\User\\Downloads\\nodegame-v5.6.1\\node_modules\\nodegame-server\\lib\\rooms\\GameRoom.js:531:29)\n    at WaitingRoom.doDispatch (C:\\Users\\User\\Downloads\\nodegame-v5.6.1\\node_modules\\nodegame-server\\lib\\rooms\\WaitingRoom.js:1394:30)\n    at cb (C:\\Users\\User\\Downloads\\nodegame-v5.6.1\\node_modules\\nodegame-server\\lib\\rooms\\WaitingRoom.js:1060:22)\n    at Game.pingReturnedCb (C:\\Users\\User\\Downloads\\nodegame-v5.6.1\\node_modules\\nodegame-server\\lib\\rooms\\WaitingRoom.js:1094:13)\n    at Game.g (C:\\Users\\User\\Downloads\\nodegame-v5.6.1\\node_modules\\nodegame-client\\lib\\modules\\ssgd.js:239:24)\n    at EventEmitter.emit (C:\\Users\\User\\Downloads\\nodegame-v5.6.1\\node_modules\\nodegame-client\\lib\\core\\EventEmitter.js:216:31)","timestamp":"2020-01-02T22:59:33.130Z"}
{"level":"warn","message":"GameLoader.loadAuthDir: channel ultimatum: authorization disabled in configuration file","timestamp":"2020-01-02T23:00:54.871Z"}
{"level":"warn","message":"GameLoader.loadAuthDir: channel ultimatum: authorization disabled in configuration file","timestamp":"2020-01-02T23:02:31.522Z"}
{"level":"warn","message":"GameLoader.loadAuthDir: channel ultimatum: authorization disabled in configuration file","timestamp":"2020-01-02T23:10:03.859Z"}
{"level":"warn","message":"GameLoader.loadAuthDir: channel ultimatum: authorization disabled in configuration file","timestamp":"2020-01-03T00:26:15.949Z"}
{"level":"warn","message":"GameLoader.loadAuthDir: channel ultimatum: authorization disabled in configuration file","timestamp":"2020-01-03T00:29:29.368Z"}
{"level":"warn","message":"GameLoader.loadAuthDir: channel ultimatum: authorization disabled in configuration file","timestamp":"2020-01-03T00:33:13.341Z"}
{"level":"error","message":"ServerNode caught an exception: \nError: PlayerList.remove: player not found: 469341652286130.\n    at PlayerList.remove (C:\\Users\\User\\Downloads\\nodegame-v5.6.1\\node_modules\\nodegame-client\\lib\\core\\PlayerList.js:246:19)\n    at ServerChannel.moveClient (C:\\Users\\User\\Downloads\\nodegame-v5.6.1\\node_modules\\nodegame-server\\lib\\ServerChannel.js:1037:50)\n    at Timeout._onTimeout (C:\\Users\\User\\Downloads\\nodegame-v5.6.1\\node_modules\\nodegame-game-template\\requirements\\requirements.room.js:101:30)\n    at listOnTimeout (internal/timers.js:531:17)\n    at processTimers (internal/timers.js:475:7)","timestamp":"2020-01-03T00:33:22.116Z"}
{"level":"warn","message":"GameLoader.loadAuthDir: channel ultimatum: authorization disabled in configuration file","timestamp":"2020-01-03T00:35:08.500Z"}
{"level":"warn","message":"GameLoader.loadAuthDir: channel ultimatum: authorization disabled in configuration file","timestamp":"2020-01-03T00:38:05.653Z"}
{"level":"warn","message":"GameLoader.loadAuthDir: channel ultimatum: authorization disabled in configuration file","timestamp":"2020-01-03T00:38:13.320Z"}
{"level":"warn","message":"GameLoader.loadAuthDir: channel ultimatum: authorization disabled in configuration file","timestamp":"2020-01-03T01:01:14.862Z"}
{"level":"error","message":"GameRouter renderTemplate: error loading context file: C:\\Users\\User\\Downloads\\nodegame-v5.6.1\\games\\ultimatum-game\\views\\contexts\\en\\instructions_pp.js C:\\Users\\User\\Downloads\\nodegame-v5.6.1\\games_available\\ultimatum-game\\views\\contexts\\en\\instructions_pp.js:21\n        important: \"Important. If one of the players disconnects for more than \" + W + \" seconds the game will be terminated.\",\n        ^^^^^^^^^\n\nSyntaxError: Unexpected identifier\n    at Module._compile (internal/modules/cjs/loader.js:895:18)\n    at Object.Module._extensions..js (internal/modules/cjs/loader.js:995:10)\n    at Module.load (internal/modules/cjs/loader.js:815:32)\n    at Function.Module._load (internal/modules/cjs/loader.js:727:14)\n    at Module.require (internal/modules/cjs/loader.js:852:19)\n    at require (internal/modules/cjs/helpers.js:74:18)\n    at C:\\Users\\User\\Downloads\\nodegame-v5.6.1\\node_modules\\nodegame-server\\lib\\GameRouter.js:663:22\n    at suppressedCallback (fs.js:202:5)\n    at FSReqCallback.oncomplete (fs.js:146:23)","timestamp":"2020-01-03T01:01:36.495Z"}
{"level":"warn","message":"GameLoader.loadAuthDir: channel ultimatum: authorization disabled in configuration file","timestamp":"2020-01-03T01:02:54.201Z"}
{"level":"warn","message":"GameLoader.loadAuthDir: channel ultimatum: authorization disabled in configuration file","timestamp":"2020-01-03T01:07:00.669Z"}
{"level":"warn","message":"GameLoader.loadAuthDir: channel ultimatum: authorization disabled in configuration file","timestamp":"2020-01-03T01:08:40.672Z"}
{"level":"error","message":"ServerNode.addGameDir: cannot read C:\\Users\\User\\Downloads\\nodegame-v5.6.1\\games\\meritocracy-game-master\\package.json","timestamp":"2020-01-03T10:44:45.146Z"}
{"level":"error","message":"ServerNode caught an exception: \nError: Cannot find module 'C:\\Users\\User\\Downloads\\nodegame-v5.6.1\\games\\meritocracy-game-master\\package.json'\nRequire stack:\n- C:\\Users\\User\\Downloads\\nodegame-v5.6.1\\node_modules\\nodegame-server\\lib\\ServerNode.js\n- C:\\Users\\User\\Downloads\\nodegame-v5.6.1\\node_modules\\nodegame-server\\index.js\n- C:\\Users\\User\\Downloads\\nodegame-v5.6.1\\launcher.js\n    at Function.Module._resolveFilename (internal/modules/cjs/loader.js:797:15)\n    at Function.Module._load (internal/modules/cjs/loader.js:690:27)\n    at Module.require (internal/modules/cjs/loader.js:852:19)\n    at require (internal/modules/cjs/helpers.js:74:18)\n    at ServerNode.addGameDir (C:\\Users\\User\\Downloads\\nodegame-v5.6.1\\node_modules\\nodegame-server\\lib\\ServerNode.js:609:20)\n    at C:\\Users\\User\\Downloads\\nodegame-v5.6.1\\node_modules\\nodegame-server\\lib\\ServerNode.js:574:51\n    at FSReqCallback.oncomplete (fs.js:159:5)","timestamp":"2020-01-03T10:44:45.149Z"}
{"level":"warn","message":"GameLoader.loadAuthDir: channel ultimatum: authorization disabled in configuration file","timestamp":"2020-01-03T10:44:45.236Z"}
{"level":"warn","message":"GameLoader.loadAuthDir: channel meritocracy: authorization disabled in configuration file","timestamp":"2020-01-03T10:46:26.056Z"}
{"level":"warn","message":"GameLoader.buildRequirementsConf: requirements checking disabled in configuration file. Game: meritocracy","timestamp":"2020-01-03T10:46:26.059Z"}
{"level":"warn","message":"GameLoader.loadAuthDir: channel ultimatum: authorization disabled in configuration file","timestamp":"2020-01-03T10:46:26.124Z"}
{"level":"warn","message":"GameLoader.loadAuthDir: channel meritocracy: authorization disabled in configuration file","timestamp":"2020-01-03T10:47:55.771Z"}
{"level":"warn","message":"GameLoader.buildRequirementsConf: requirements checking disabled in configuration file. Game: meritocracy","timestamp":"2020-01-03T10:47:55.774Z"}
{"level":"warn","message":"GameLoader.loadAuthDir: channel ultimatum: authorization disabled in configuration file","timestamp":"2020-01-03T10:47:55.851Z"}
{"level":"warn","message":"GameLoader.loadAuthDir: channel meritocracy: authorization disabled in configuration file","timestamp":"2020-01-03T11:03:58.916Z"}
{"level":"warn","message":"GameLoader.buildRequirementsConf: requirements checking disabled in configuration file. Game: meritocracy","timestamp":"2020-01-03T11:03:58.918Z"}
{"level":"warn","message":"GameLoader.loadAuthDir: channel ultimatum: authorization disabled in configuration file","timestamp":"2020-01-03T11:03:58.986Z"}
{"level":"warn","message":"GameLoader.loadAuthDir: channel meritocracy: authorization disabled in configuration file","timestamp":"2020-01-03T11:08:52.833Z"}
{"level":"warn","message":"GameLoader.buildRequirementsConf: requirements checking disabled in configuration file. Game: meritocracy","timestamp":"2020-01-03T11:08:52.836Z"}
{"level":"warn","message":"GameLoader.loadAuthDir: channel ultimatum: authorization disabled in configuration file","timestamp":"2020-01-03T11:08:52.904Z"}
{"level":"warn","message":"GameLoader.loadAuthDir: channel meritocracy: authorization disabled in configuration file","timestamp":"2020-01-03T11:40:15.029Z"}
{"level":"warn","message":"GameLoader.buildRequirementsConf: requirements checking disabled in configuration file. Game: meritocracy","timestamp":"2020-01-03T11:40:15.031Z"}
{"level":"warn","message":"GameLoader.loadAuthDir: channel ultimatum: authorization disabled in configuration file","timestamp":"2020-01-03T11:40:15.095Z"}
{"level":"warn","message":"GameLoader.loadAuthDir: channel meritocracy: authorization disabled in configuration file","timestamp":"2020-01-03T11:41:26.305Z"}
{"level":"warn","message":"GameLoader.buildRequirementsConf: requirements checking disabled in configuration file. Game: meritocracy","timestamp":"2020-01-03T11:41:26.307Z"}
{"level":"warn","message":"GameLoader.loadAuthDir: channel ultimatum: authorization disabled in configuration file","timestamp":"2020-01-03T11:41:26.383Z"}
{"level":"warn","message":"GameLoader.loadAuthDir: channel meritocracy: authorization disabled in configuration file","timestamp":"2020-01-03T11:42:30.763Z"}
{"level":"warn","message":"GameLoader.buildRequirementsConf: requirements checking disabled in configuration file. Game: meritocracy","timestamp":"2020-01-03T11:42:30.766Z"}
{"level":"warn","message":"GameLoader.loadAuthDir: channel ultimatum: authorization disabled in configuration file","timestamp":"2020-01-03T11:42:30.834Z"}
{"level":"warn","message":"GameLoader.loadAuthDir: channel meritocracy: authorization disabled in configuration file","timestamp":"2020-01-03T14:04:05.637Z"}
{"level":"warn","message":"GameLoader.buildRequirementsConf: requirements checking disabled in configuration file. Game: meritocracy","timestamp":"2020-01-03T14:04:05.639Z"}
{"level":"warn","message":"GameLoader.loadAuthDir: channel ultimatum: authorization disabled in configuration file","timestamp":"2020-01-03T14:04:05.710Z"}
{"level":"warn","message":"GameLoader.loadAuthDir: channel meritocracy: authorization disabled in configuration file","timestamp":"2020-01-03T14:05:41.878Z"}
{"level":"warn","message":"GameLoader.buildRequirementsConf: requirements checking disabled in configuration file. Game: meritocracy","timestamp":"2020-01-03T14:05:41.880Z"}
{"level":"warn","message":"GameLoader.loadAuthDir: channel ultimatum: authorization disabled in configuration file","timestamp":"2020-01-03T14:05:41.950Z"}
{"level":"warn","message":"GameLoader.loadAuthDir: channel meritocracy: authorization disabled in configuration file","timestamp":"2020-01-03T14:06:09.081Z"}
{"level":"warn","message":"GameLoader.buildRequirementsConf: requirements checking disabled in configuration file. Game: meritocracy","timestamp":"2020-01-03T14:06:09.083Z"}
{"level":"warn","message":"GameLoader.loadAuthDir: channel ultimatum: authorization disabled in configuration file","timestamp":"2020-01-03T14:06:09.152Z"}
{"level":"warn","message":"GameLoader.loadAuthDir: channel meritocracy: authorization disabled in configuration file","timestamp":"2020-01-03T15:11:57.624Z"}
{"level":"warn","message":"GameLoader.buildRequirementsConf: requirements checking disabled in configuration file. Game: meritocracy","timestamp":"2020-01-03T15:11:57.627Z"}
{"level":"warn","message":"GameLoader.loadAuthDir: channel ultimatum: authorization disabled in configuration file","timestamp":"2020-01-03T15:11:57.706Z"}
{"level":"warn","message":"GameLoader.loadAuthDir: channel meritocracy: authorization disabled in configuration file","timestamp":"2020-01-03T15:17:47.021Z"}
{"level":"warn","message":"GameLoader.buildRequirementsConf: requirements checking disabled in configuration file. Game: meritocracy","timestamp":"2020-01-03T15:17:47.023Z"}
{"level":"warn","message":"GameLoader.loadAuthDir: channel ultimatum: authorization disabled in configuration file","timestamp":"2020-01-03T15:17:47.091Z"}
{"level":"warn","message":"GameLoader.loadAuthDir: channel meritocracy: authorization disabled in configuration file","timestamp":"2020-01-03T15:26:35.772Z"}
{"level":"warn","message":"GameLoader.buildRequirementsConf: requirements checking disabled in configuration file. Game: meritocracy","timestamp":"2020-01-03T15:26:35.775Z"}
{"level":"warn","message":"GameLoader.loadAuthDir: channel ultimatum: authorization disabled in configuration file","timestamp":"2020-01-03T15:26:35.838Z"}
{"level":"warn","message":"GameLoader.loadAuthDir: channel meritocracy: authorization disabled in configuration file","timestamp":"2020-01-03T15:27:54.051Z"}
{"level":"warn","message":"GameLoader.buildRequirementsConf: requirements checking disabled in configuration file. Game: meritocracy","timestamp":"2020-01-03T15:27:54.053Z"}
{"level":"warn","message":"GameLoader.loadAuthDir: channel ultimatum: authorization disabled in configuration file","timestamp":"2020-01-03T15:27:54.108Z"}
{"level":"warn","message":"GameLoader.loadAuthDir: channel meritocracy: authorization disabled in configuration file","timestamp":"2020-01-03T15:28:16.401Z"}
{"level":"warn","message":"GameLoader.buildRequirementsConf: requirements checking disabled in configuration file. Game: meritocracy","timestamp":"2020-01-03T15:28:16.404Z"}
{"level":"warn","message":"GameLoader.loadAuthDir: channel ultimatum: authorization disabled in configuration file","timestamp":"2020-01-03T15:28:16.490Z"}
{"level":"warn","message":"GameLoader.loadAuthDir: channel meritocracy: authorization disabled in configuration file","timestamp":"2020-01-03T15:41:49.317Z"}
{"level":"warn","message":"GameLoader.buildRequirementsConf: requirements checking disabled in configuration file. Game: meritocracy","timestamp":"2020-01-03T15:41:49.320Z"}
{"level":"warn","message":"GameLoader.loadAuthDir: channel ultimatum: authorization disabled in configuration file","timestamp":"2020-01-03T15:41:49.407Z"}
{"level":"warn","message":"GameLoader.loadAuthDir: channel meritocracy: authorization disabled in configuration file","timestamp":"2020-01-03T15:44:14.621Z"}
{"level":"warn","message":"GameLoader.buildRequirementsConf: requirements checking disabled in configuration file. Game: meritocracy","timestamp":"2020-01-03T15:44:14.624Z"}
{"level":"warn","message":"GameLoader.loadAuthDir: channel ultimatum: authorization disabled in configuration file","timestamp":"2020-01-03T15:44:14.700Z"}
{"level":"warn","message":"GameLoader.loadAuthDir: channel meritocracy: authorization disabled in configuration file","timestamp":"2020-01-03T16:20:37.388Z"}
{"level":"warn","message":"GameLoader.buildRequirementsConf: requirements checking disabled in configuration file. Game: meritocracy","timestamp":"2020-01-03T16:20:37.391Z"}
{"level":"warn","message":"GameLoader.loadAuthDir: channel ultimatum: authorization disabled in configuration file","timestamp":"2020-01-03T16:20:37.458Z"}
{"level":"warn","message":"GameLoader.loadAuthDir: channel meritocracy: authorization disabled in configuration file","timestamp":"2020-01-03T16:21:35.028Z"}
{"level":"warn","message":"GameLoader.buildRequirementsConf: requirements checking disabled in configuration file. Game: meritocracy","timestamp":"2020-01-03T16:21:35.031Z"}
{"level":"warn","message":"GameLoader.loadAuthDir: channel ultimatum: authorization disabled in configuration file","timestamp":"2020-01-03T16:21:35.101Z"}
{"level":"warn","message":"GameLoader.loadAuthDir: channel meritocracy: authorization disabled in configuration file","timestamp":"2020-01-03T17:51:07.545Z"}
{"level":"warn","message":"GameLoader.buildRequirementsConf: requirements checking disabled in configuration file. Game: meritocracy","timestamp":"2020-01-03T17:51:07.549Z"}
{"level":"warn","message":"GameLoader.loadAuthDir: channel ultimatum: authorization disabled in configuration file","timestamp":"2020-01-03T17:51:07.631Z"}
{"level":"warn","message":"GameLoader.loadAuthDir: channel meritocracy: authorization disabled in configuration file","timestamp":"2020-01-03T17:53:14.212Z"}
{"level":"warn","message":"GameLoader.buildRequirementsConf: requirements checking disabled in configuration file. Game: meritocracy","timestamp":"2020-01-03T17:53:14.215Z"}
{"level":"warn","message":"GameLoader.loadAuthDir: channel ultimatum: authorization disabled in configuration file","timestamp":"2020-01-03T17:53:14.301Z"}
{"level":"warn","message":"GameLoader.loadAuthDir: channel ultimatum: authorization disabled in configuration file","timestamp":"2020-01-03T17:57:38.495Z"}
{"level":"error","message":"ServerNode.addGameDir: cannot read C:\\Users\\User\\Downloads\\nodegame-v5.6.1\\games\\meritocracy-game-master\\package.json","timestamp":"2020-01-03T18:00:18.149Z"}
{"level":"error","message":"ServerNode caught an exception: \nError: Cannot find module 'C:\\Users\\User\\Downloads\\nodegame-v5.6.1\\games\\meritocracy-game-master\\package.json'\nRequire stack:\n- C:\\Users\\User\\Downloads\\nodegame-v5.6.1\\node_modules\\nodegame-server\\lib\\ServerNode.js\n- C:\\Users\\User\\Downloads\\nodegame-v5.6.1\\node_modules\\nodegame-server\\index.js\n- C:\\Users\\User\\Downloads\\nodegame-v5.6.1\\launcher.js\n    at Function.Module._resolveFilename (internal/modules/cjs/loader.js:797:15)\n    at Function.Module._load (internal/modules/cjs/loader.js:690:27)\n    at Module.require (internal/modules/cjs/loader.js:852:19)\n    at require (internal/modules/cjs/helpers.js:74:18)\n    at ServerNode.addGameDir (C:\\Users\\User\\Downloads\\nodegame-v5.6.1\\node_modules\\nodegame-server\\lib\\ServerNode.js:609:20)\n    at C:\\Users\\User\\Downloads\\nodegame-v5.6.1\\node_modules\\nodegame-server\\lib\\ServerNode.js:574:51\n    at FSReqCallback.oncomplete (fs.js:159:5)","timestamp":"2020-01-03T18:00:18.152Z"}
{"level":"warn","message":"GameLoader.loadAuthDir: channel ultimatum: authorization disabled in configuration file","timestamp":"2020-01-03T18:00:18.233Z"}
{"level":"warn","message":"GameLoader.loadAuthDir: channel meritocracy: authorization disabled in configuration file","timestamp":"2020-01-03T18:00:55.750Z"}
{"level":"warn","message":"GameLoader.buildRequirementsConf: requirements checking disabled in configuration file. Game: meritocracy","timestamp":"2020-01-03T18:00:55.752Z"}
{"level":"warn","message":"GameLoader.loadAuthDir: channel ultimatum: authorization disabled in configuration file","timestamp":"2020-01-03T18:00:55.807Z"}
{"level":"warn","message":"GameLoader.loadAuthDir: channel meritocracy: authorization disabled in configuration file","timestamp":"2020-01-04T11:00:46.496Z"}
{"level":"warn","message":"GameLoader.buildRequirementsConf: requirements checking disabled in configuration file. Game: meritocracy","timestamp":"2020-01-04T11:00:46.500Z"}
{"level":"warn","message":"GameLoader.loadAuthDir: channel ultimatum: authorization disabled in configuration file","timestamp":"2020-01-04T11:00:46.621Z"}
{"level":"warn","message":"GameLoader.loadAuthDir: channel meritocracy: authorization disabled in configuration file","timestamp":"2020-01-04T11:30:35.604Z"}
{"level":"warn","message":"GameLoader.buildRequirementsConf: requirements checking disabled in configuration file. Game: meritocracy","timestamp":"2020-01-04T11:30:35.612Z"}
{"level":"warn","message":"GameLoader.loadAuthDir: channel ultimatum: authorization disabled in configuration file","timestamp":"2020-01-04T11:30:35.798Z"}
{"level":"warn","message":"GameLoader.loadAuthDir: channel ultimatum: authorization disabled in configuration file","timestamp":"2020-01-04T11:42:22.252Z"}
{"level":"warn","message":"GameLoader.loadAuthDir: channel meritocracy: authorization disabled in configuration file","timestamp":"2020-01-04T11:42:22.326Z"}
{"level":"warn","message":"GameLoader.buildRequirementsConf: requirements checking disabled in configuration file. Game: meritocracy","timestamp":"2020-01-04T11:42:22.329Z"}
{"level":"warn","message":"GameLoader.loadAuthDir: channel meritocracy: authorization disabled in configuration file","timestamp":"2020-01-04T11:44:12.015Z"}
{"level":"warn","message":"GameLoader.buildRequirementsConf: requirements checking disabled in configuration file. Game: meritocracy","timestamp":"2020-01-04T11:44:12.022Z"}
{"level":"warn","message":"GameLoader.loadAuthDir: channel ultimatum: authorization disabled in configuration file","timestamp":"2020-01-04T11:44:12.228Z"}
{"level":"error","message":"ServerNode caught an exception: \nTypeError: Cannot read property 'sendResults' of undefined\n    at Game.cb (C:\\Users\\User\\Downloads\\nodegame-v5.6.1\\games\\meritocracy-game-master\\game\\client_types\\logic.js:262:39)\n    at Game.execCallback (C:\\Users\\User\\Downloads\\nodegame-v5.6.1\\node_modules\\nodegame-client\\lib\\core\\Game.js:1180:18)\n    at Game.execStep (C:\\Users\\User\\Downloads\\nodegame-v5.6.1\\node_modules\\nodegame-client\\lib\\core\\Game.js:1156:18)\n    at Game.gotoStep (C:\\Users\\User\\Downloads\\nodegame-v5.6.1\\node_modules\\nodegame-client\\lib\\core\\Game.js:918:19)\n    at Game.step (C:\\Users\\User\\Downloads\\nodegame-v5.6.1\\node_modules\\nodegame-client\\lib\\core\\Game.js:628:21)\n    at Game.<anonymous> (C:\\Users\\User\\Downloads\\nodegame-v5.6.1\\node_modules\\nodegame-client\\listeners\\incoming.js:219:51)\n    at EventEmitter.emit (C:\\Users\\User\\Downloads\\nodegame-v5.6.1\\node_modules\\nodegame-client\\lib\\core\\EventEmitter.js:216:31)\n    at NodeGameClient.EventEmitterManager.emit (C:\\Users\\User\\Downloads\\nodegame-v5.6.1\\node_modules\\nodegame-client\\lib\\core\\EventEmitter.js:720:29)\n    at Socket.onMessageFull (C:\\Users\\User\\Downloads\\nodegame-v5.6.1\\node_modules\\nodegame-client\\lib\\core\\Socket.js:564:23)\n    at SocketDirect.message (C:\\Users\\User\\Downloads\\nodegame-v5.6.1\\node_modules\\nodegame-client\\lib\\sockets\\SocketDirect.js:100:26)","timestamp":"2020-01-04T11:44:32.967Z"}
{"level":"warn","message":"GameLoader.loadAuthDir: channel meritocracy: authorization disabled in configuration file","timestamp":"2020-01-04T11:47:15.018Z"}
{"level":"warn","message":"GameLoader.buildRequirementsConf: requirements checking disabled in configuration file. Game: meritocracy","timestamp":"2020-01-04T11:47:15.021Z"}
{"level":"warn","message":"GameLoader.loadAuthDir: channel ultimatum: authorization disabled in configuration file","timestamp":"2020-01-04T11:47:15.135Z"}
{"level":"error","message":"ServerNode caught an exception: \nReferenceError: j is not defined\n    at Object.<anonymous> (C:\\Users\\User\\Downloads\\nodegame-v5.6.1\\games\\meritocracy-game-master\\game\\client_types\\includes\\treatments.js:1:1)\n    at Module._compile (internal/modules/cjs/loader.js:959:30)\n    at Object.Module._extensions..js (internal/modules/cjs/loader.js:995:10)\n    at Module.load (internal/modules/cjs/loader.js:815:32)\n    at Function.Module._load (internal/modules/cjs/loader.js:727:14)\n    at Module.require (internal/modules/cjs/loader.js:852:19)\n    at require (internal/modules/cjs/helpers.js:74:18)\n    at C:\\Users\\User\\Downloads\\nodegame-v5.6.1\\node_modules\\nodegame-server\\lib\\ServerChannel.js:1216:16\n    at ServerChannel.require (C:\\Users\\User\\Downloads\\nodegame-v5.6.1\\node_modules\\nodegame-server\\lib\\ServerChannel.js:1217:7)\n    at Object.module.exports [as logic] (C:\\Users\\User\\Downloads\\nodegame-v5.6.1\\games\\meritocracy-game-master\\game\\client_types\\logic.js:30:26)","timestamp":"2020-01-04T11:47:23.940Z"}
{"level":"error","message":"ServerNode caught an exception: \nTypeError: Cannot read property 'sendResults' of undefined\n    at Game.cb (C:\\Users\\User\\Downloads\\nodegame-v5.6.1\\games\\meritocracy-game-master\\game\\client_types\\logic.js:262:39)\n    at Game.execCallback (C:\\Users\\User\\Downloads\\nodegame-v5.6.1\\node_modules\\nodegame-client\\lib\\core\\Game.js:1180:18)\n    at Game.execStep (C:\\Users\\User\\Downloads\\nodegame-v5.6.1\\node_modules\\nodegame-client\\lib\\core\\Game.js:1156:18)\n    at Game.gotoStep (C:\\Users\\User\\Downloads\\nodegame-v5.6.1\\node_modules\\nodegame-client\\lib\\core\\Game.js:918:19)\n    at Game.step (C:\\Users\\User\\Downloads\\nodegame-v5.6.1\\node_modules\\nodegame-client\\lib\\core\\Game.js:628:21)\n    at Game.<anonymous> (C:\\Users\\User\\Downloads\\nodegame-v5.6.1\\node_modules\\nodegame-client\\listeners\\incoming.js:219:51)\n    at EventEmitter.emit (C:\\Users\\User\\Downloads\\nodegame-v5.6.1\\node_modules\\nodegame-client\\lib\\core\\EventEmitter.js:216:31)\n    at NodeGameClient.EventEmitterManager.emit (C:\\Users\\User\\Downloads\\nodegame-v5.6.1\\node_modules\\nodegame-client\\lib\\core\\EventEmitter.js:720:29)\n    at Socket.onMessageFull (C:\\Users\\User\\Downloads\\nodegame-v5.6.1\\node_modules\\nodegame-client\\lib\\core\\Socket.js:564:23)\n    at SocketDirect.message (C:\\Users\\User\\Downloads\\nodegame-v5.6.1\\node_modules\\nodegame-client\\lib\\sockets\\SocketDirect.js:100:26)","timestamp":"2020-01-04T11:48:38.348Z"}
{"level":"warn","message":"GameLoader.loadAuthDir: channel meritocracy: authorization disabled in configuration file","timestamp":"2020-01-04T11:49:36.872Z"}
{"level":"warn","message":"GameLoader.buildRequirementsConf: requirements checking disabled in configuration file. Game: meritocracy","timestamp":"2020-01-04T11:49:36.876Z"}
{"level":"warn","message":"GameLoader.loadAuthDir: channel ultimatum: authorization disabled in configuration file","timestamp":"2020-01-04T11:49:36.993Z"}
{"level":"warn","message":"GameLoader.loadAuthDir: channel meritocracy: authorization disabled in configuration file","timestamp":"2020-01-04T11:53:20.015Z"}
{"level":"warn","message":"GameLoader.buildRequirementsConf: requirements checking disabled in configuration file. Game: meritocracy","timestamp":"2020-01-04T11:53:20.019Z"}
{"level":"warn","message":"GameLoader.loadAuthDir: channel ultimatum: authorization disabled in configuration file","timestamp":"2020-01-04T11:53:20.131Z"}
{"level":"warn","message":"GameLoader.loadAuthDir: channel meritocracy: authorization disabled in configuration file","timestamp":"2020-01-04T11:54:44.735Z"}
{"level":"warn","message":"GameLoader.buildRequirementsConf: requirements checking disabled in configuration file. Game: meritocracy","timestamp":"2020-01-04T11:54:44.740Z"}
{"level":"warn","message":"GameLoader.loadAuthDir: channel ultimatum: authorization disabled in configuration file","timestamp":"2020-01-04T11:54:44.857Z"}
{"level":"error","message":"ServerNode caught an exception: \nTypeError: Cannot read property 'length' of undefined\n    at finalizeRound (C:\\Users\\User\\Downloads\\nodegame-v5.6.1\\games\\meritocracy-game-master\\game\\client_types\\includes\\treatments.js:361:31)\n    at Object.sendResults (C:\\Users\\User\\Downloads\\nodegame-v5.6.1\\games\\meritocracy-game-master\\game\\client_types\\includes\\treatments.js:518:9)\n    at Game.cb (C:\\Users\\User\\Downloads\\nodegame-v5.6.1\\games\\meritocracy-game-master\\game\\client_types\\logic.js:262:39)\n    at Game.execCallback (C:\\Users\\User\\Downloads\\nodegame-v5.6.1\\node_modules\\nodegame-client\\lib\\core\\Game.js:1180:18)\n    at Game.execStep (C:\\Users\\User\\Downloads\\nodegame-v5.6.1\\node_modules\\nodegame-client\\lib\\core\\Game.js:1156:18)\n    at Game.gotoStep (C:\\Users\\User\\Downloads\\nodegame-v5.6.1\\node_modules\\nodegame-client\\lib\\core\\Game.js:918:19)\n    at Game.step (C:\\Users\\User\\Downloads\\nodegame-v5.6.1\\node_modules\\nodegame-client\\lib\\core\\Game.js:628:21)\n    at Game.<anonymous> (C:\\Users\\User\\Downloads\\nodegame-v5.6.1\\node_modules\\nodegame-client\\listeners\\incoming.js:219:51)\n    at EventEmitter.emit (C:\\Users\\User\\Downloads\\nodegame-v5.6.1\\node_modules\\nodegame-client\\lib\\core\\EventEmitter.js:216:31)\n    at NodeGameClient.EventEmitterManager.emit (C:\\Users\\User\\Downloads\\nodegame-v5.6.1\\node_modules\\nodegame-client\\lib\\core\\EventEmitter.js:720:29)","timestamp":"2020-01-04T11:55:02.017Z"}
{"level":"warn","message":"GameLoader.loadAuthDir: channel meritocracy: authorization disabled in configuration file","timestamp":"2020-01-04T11:56:46.334Z"}
{"level":"warn","message":"GameLoader.buildRequirementsConf: requirements checking disabled in configuration file. Game: meritocracy","timestamp":"2020-01-04T11:56:46.338Z"}
{"level":"warn","message":"GameLoader.loadAuthDir: channel ultimatum: authorization disabled in configuration file","timestamp":"2020-01-04T11:56:46.455Z"}
{"level":"warn","message":"GameLoader.loadAuthDir: channel meritocracy: authorization disabled in configuration file","timestamp":"2020-01-04T12:10:04.016Z"}
{"level":"warn","message":"GameLoader.buildRequirementsConf: requirements checking disabled in configuration file. Game: meritocracy","timestamp":"2020-01-04T12:10:04.021Z"}
{"level":"warn","message":"GameLoader.loadAuthDir: channel ultimatum: authorization disabled in configuration file","timestamp":"2020-01-04T12:10:04.143Z"}
{"level":"warn","message":"GameLoader.loadAuthDir: channel meritocracy: authorization disabled in configuration file","timestamp":"2020-01-04T12:12:25.257Z"}
{"level":"warn","message":"GameLoader.buildRequirementsConf: requirements checking disabled in configuration file. Game: meritocracy","timestamp":"2020-01-04T12:12:25.261Z"}
{"level":"warn","message":"GameLoader.loadAuthDir: channel ultimatum: authorization disabled in configuration file","timestamp":"2020-01-04T12:12:25.371Z"}
{"level":"warn","message":"GameLoader.loadAuthDir: channel meritocracy: authorization disabled in configuration file","timestamp":"2020-01-04T12:15:36.313Z"}
{"level":"warn","message":"GameLoader.buildRequirementsConf: requirements checking disabled in configuration file. Game: meritocracy","timestamp":"2020-01-04T12:15:36.317Z"}
{"level":"warn","message":"GameLoader.loadAuthDir: channel ultimatum: authorization disabled in configuration file","timestamp":"2020-01-04T12:15:36.454Z"}
{"level":"warn","message":"GameLoader.loadAuthDir: channel meritocracy: authorization disabled in configuration file","timestamp":"2020-01-04T12:17:30.962Z"}
{"level":"warn","message":"GameLoader.buildRequirementsConf: requirements checking disabled in configuration file. Game: meritocracy","timestamp":"2020-01-04T12:17:30.967Z"}
{"level":"warn","message":"GameLoader.loadAuthDir: channel ultimatum: authorization disabled in configuration file","timestamp":"2020-01-04T12:17:31.090Z"}
{"level":"warn","message":"GameLoader.loadAuthDir: channel meritocracy: authorization disabled in configuration file","timestamp":"2020-01-04T12:20:15.094Z"}
{"level":"warn","message":"GameLoader.buildRequirementsConf: requirements checking disabled in configuration file. Game: meritocracy","timestamp":"2020-01-04T12:20:15.099Z"}
{"level":"warn","message":"GameLoader.loadAuthDir: channel ultimatum: authorization disabled in configuration file","timestamp":"2020-01-04T12:20:15.209Z"}
{"level":"warn","message":"GameLoader.loadAuthDir: channel meritocracy: authorization disabled in configuration file","timestamp":"2020-01-04T12:22:30.862Z"}
{"level":"warn","message":"GameLoader.buildRequirementsConf: requirements checking disabled in configuration file. Game: meritocracy","timestamp":"2020-01-04T12:22:30.867Z"}
{"level":"warn","message":"GameLoader.loadAuthDir: channel ultimatum: authorization disabled in configuration file","timestamp":"2020-01-04T12:22:31.034Z"}
{"level":"warn","message":"GameLoader.loadAuthDir: channel meritocracy: authorization disabled in configuration file","timestamp":"2020-01-04T12:26:18.307Z"}
{"level":"warn","message":"GameLoader.buildRequirementsConf: requirements checking disabled in configuration file. Game: meritocracy","timestamp":"2020-01-04T12:26:18.312Z"}
{"level":"warn","message":"GameLoader.loadAuthDir: channel ultimatum: authorization disabled in configuration file","timestamp":"2020-01-04T12:26:18.496Z"}
{"level":"warn","message":"GameLoader.loadAuthDir: channel meritocracy: authorization disabled in configuration file","timestamp":"2020-01-04T12:37:15.599Z"}
{"level":"warn","message":"GameLoader.buildRequirementsConf: requirements checking disabled in configuration file. Game: meritocracy","timestamp":"2020-01-04T12:37:15.602Z"}
{"level":"warn","message":"GameLoader.loadAuthDir: channel ultimatum: authorization disabled in configuration file","timestamp":"2020-01-04T12:37:15.716Z"}
{"level":"error","message":"ServerNode caught an exception: \nTypeError: NDDB.setWD: working directory does not exist: C:\\Users\\User\\Downloads\\nodegame-v5.6.1\\games\\meritocracy-game-master\\data\\room000032\n    at NDDB.throwErr (C:\\Users\\User\\Downloads\\nodegame-v5.6.1\\node_modules\\NDDB\\nddb.js:613:41)\n    at NDDB.setWD (C:\\Users\\User\\Downloads\\nodegame-v5.6.1\\node_modules\\NDDB\\lib\\fs.js:60:22)\n    at NDDB.init (C:\\Users\\User\\Downloads\\nodegame-v5.6.1\\node_modules\\NDDB\\nddb.js:772:18)\n    at new NDDB (C:\\Users\\User\\Downloads\\nodegame-v5.6.1\\node_modules\\NDDB\\nddb.js:234:14)\n    at GameDB.NDDB._hashIt (C:\\Users\\User\\Downloads\\nodegame-v5.6.1\\node_modules\\NDDB\\nddb.js:1578:39)\n    at GameDB.nddb_insert (C:\\Users\\User\\Downloads\\nodegame-v5.6.1\\node_modules\\NDDB\\nddb.js:3789:18)\n    at GameDB.NDDB.insert (C:\\Users\\User\\Downloads\\nodegame-v5.6.1\\node_modules\\NDDB\\nddb.js:907:27)\n    at GameDB.add (C:\\Users\\User\\Downloads\\nodegame-v5.6.1\\node_modules\\nodegame-client\\lib\\core\\GameDB.js:108:14)\n    at Game.<anonymous> (C:\\Users\\User\\Downloads\\nodegame-v5.6.1\\node_modules\\nodegame-client\\listeners\\incoming.js:204:30)\n    at EventEmitter.emit (C:\\Users\\User\\Downloads\\nodegame-v5.6.1\\node_modules\\nodegame-client\\lib\\core\\EventEmitter.js:216:31)","timestamp":"2020-01-04T12:43:28.944Z"}
{"level":"error","message":"ServerNode caught an exception: \nTypeError: NDDB.setWD: working directory does not exist: C:\\Users\\User\\Downloads\\nodegame-v5.6.1\\games\\meritocracy-game-master\\data\\room000032\n    at NDDB.throwErr (C:\\Users\\User\\Downloads\\nodegame-v5.6.1\\node_modules\\NDDB\\nddb.js:613:41)\n    at NDDB.setWD (C:\\Users\\User\\Downloads\\nodegame-v5.6.1\\node_modules\\NDDB\\lib\\fs.js:60:22)\n    at NDDB.init (C:\\Users\\User\\Downloads\\nodegame-v5.6.1\\node_modules\\NDDB\\nddb.js:772:18)\n    at new NDDB (C:\\Users\\User\\Downloads\\nodegame-v5.6.1\\node_modules\\NDDB\\nddb.js:234:14)\n    at GameDB.NDDB._hashIt (C:\\Users\\User\\Downloads\\nodegame-v5.6.1\\node_modules\\NDDB\\nddb.js:1578:39)\n    at GameDB.nddb_insert (C:\\Users\\User\\Downloads\\nodegame-v5.6.1\\node_modules\\NDDB\\nddb.js:3789:18)\n    at GameDB.NDDB.insert (C:\\Users\\User\\Downloads\\nodegame-v5.6.1\\node_modules\\NDDB\\nddb.js:907:27)\n    at GameDB.add (C:\\Users\\User\\Downloads\\nodegame-v5.6.1\\node_modules\\nodegame-client\\lib\\core\\GameDB.js:108:14)\n    at Game.<anonymous> (C:\\Users\\User\\Downloads\\nodegame-v5.6.1\\node_modules\\nodegame-client\\listeners\\incoming.js:204:30)\n    at EventEmitter.emit (C:\\Users\\User\\Downloads\\nodegame-v5.6.1\\node_modules\\nodegame-client\\lib\\core\\EventEmitter.js:216:31)","timestamp":"2020-01-04T12:43:28.959Z"}
{"level":"error","message":"ServerNode caught an exception: \nTypeError: NDDB.setWD: working directory does not exist: C:\\Users\\User\\Downloads\\nodegame-v5.6.1\\games\\meritocracy-game-master\\data\\room000032\n    at NDDB.throwErr (C:\\Users\\User\\Downloads\\nodegame-v5.6.1\\node_modules\\NDDB\\nddb.js:613:41)\n    at NDDB.setWD (C:\\Users\\User\\Downloads\\nodegame-v5.6.1\\node_modules\\NDDB\\lib\\fs.js:60:22)\n    at NDDB.init (C:\\Users\\User\\Downloads\\nodegame-v5.6.1\\node_modules\\NDDB\\nddb.js:772:18)\n    at new NDDB (C:\\Users\\User\\Downloads\\nodegame-v5.6.1\\node_modules\\NDDB\\nddb.js:234:14)\n    at GameDB.NDDB._hashIt (C:\\Users\\User\\Downloads\\nodegame-v5.6.1\\node_modules\\NDDB\\nddb.js:1578:39)\n    at GameDB.nddb_insert (C:\\Users\\User\\Downloads\\nodegame-v5.6.1\\node_modules\\NDDB\\nddb.js:3789:18)\n    at GameDB.NDDB.insert (C:\\Users\\User\\Downloads\\nodegame-v5.6.1\\node_modules\\NDDB\\nddb.js:907:27)\n    at GameDB.add (C:\\Users\\User\\Downloads\\nodegame-v5.6.1\\node_modules\\nodegame-client\\lib\\core\\GameDB.js:108:14)\n    at Game.<anonymous> (C:\\Users\\User\\Downloads\\nodegame-v5.6.1\\node_modules\\nodegame-client\\listeners\\incoming.js:204:30)\n    at EventEmitter.emit (C:\\Users\\User\\Downloads\\nodegame-v5.6.1\\node_modules\\nodegame-client\\lib\\core\\EventEmitter.js:216:31)","timestamp":"2020-01-04T12:43:29.046Z"}
{"level":"error","message":"ServerNode caught an exception: \nTypeError: NDDB.setWD: working directory does not exist: C:\\Users\\User\\Downloads\\nodegame-v5.6.1\\games\\meritocracy-game-master\\data\\room000032\n    at NDDB.throwErr (C:\\Users\\User\\Downloads\\nodegame-v5.6.1\\node_modules\\NDDB\\nddb.js:613:41)\n    at NDDB.setWD (C:\\Users\\User\\Downloads\\nodegame-v5.6.1\\node_modules\\NDDB\\lib\\fs.js:60:22)\n    at NDDB.init (C:\\Users\\User\\Downloads\\nodegame-v5.6.1\\node_modules\\NDDB\\nddb.js:772:18)\n    at new NDDB (C:\\Users\\User\\Downloads\\nodegame-v5.6.1\\node_modules\\NDDB\\nddb.js:234:14)\n    at GameDB.NDDB._hashIt (C:\\Users\\User\\Downloads\\nodegame-v5.6.1\\node_modules\\NDDB\\nddb.js:1578:39)\n    at GameDB.nddb_insert (C:\\Users\\User\\Downloads\\nodegame-v5.6.1\\node_modules\\NDDB\\nddb.js:3789:18)\n    at GameDB.NDDB.insert (C:\\Users\\User\\Downloads\\nodegame-v5.6.1\\node_modules\\NDDB\\nddb.js:907:27)\n    at GameDB.add (C:\\Users\\User\\Downloads\\nodegame-v5.6.1\\node_modules\\nodegame-client\\lib\\core\\GameDB.js:108:14)\n    at Game.<anonymous> (C:\\Users\\User\\Downloads\\nodegame-v5.6.1\\node_modules\\nodegame-client\\listeners\\incoming.js:204:30)\n    at EventEmitter.emit (C:\\Users\\User\\Downloads\\nodegame-v5.6.1\\node_modules\\nodegame-client\\lib\\core\\EventEmitter.js:216:31)","timestamp":"2020-01-04T12:43:29.077Z"}
{"level":"error","message":"ServerNode caught an exception: \nTypeError: NDDB.setWD: working directory does not exist: C:\\Users\\User\\Downloads\\nodegame-v5.6.1\\games\\meritocracy-game-master\\data\\room000032\n    at NDDB.throwErr (C:\\Users\\User\\Downloads\\nodegame-v5.6.1\\node_modules\\NDDB\\nddb.js:613:41)\n    at NDDB.setWD (C:\\Users\\User\\Downloads\\nodegame-v5.6.1\\node_modules\\NDDB\\lib\\fs.js:60:22)\n    at NDDB.init (C:\\Users\\User\\Downloads\\nodegame-v5.6.1\\node_modules\\NDDB\\nddb.js:772:18)\n    at new NDDB (C:\\Users\\User\\Downloads\\nodegame-v5.6.1\\node_modules\\NDDB\\nddb.js:234:14)\n    at GameDB.NDDB._hashIt (C:\\Users\\User\\Downloads\\nodegame-v5.6.1\\node_modules\\NDDB\\nddb.js:1578:39)\n    at GameDB.nddb_insert (C:\\Users\\User\\Downloads\\nodegame-v5.6.1\\node_modules\\NDDB\\nddb.js:3789:18)\n    at GameDB.NDDB.insert (C:\\Users\\User\\Downloads\\nodegame-v5.6.1\\node_modules\\NDDB\\nddb.js:907:27)\n    at GameDB.add (C:\\Users\\User\\Downloads\\nodegame-v5.6.1\\node_modules\\nodegame-client\\lib\\core\\GameDB.js:108:14)\n    at Game.<anonymous> (C:\\Users\\User\\Downloads\\nodegame-v5.6.1\\node_modules\\nodegame-client\\listeners\\incoming.js:204:30)\n    at EventEmitter.emit (C:\\Users\\User\\Downloads\\nodegame-v5.6.1\\node_modules\\nodegame-client\\lib\\core\\EventEmitter.js:216:31)","timestamp":"2020-01-04T12:43:29.207Z"}
{"level":"error","message":"ServerNode caught an exception: \nTypeError: NDDB.setWD: working directory does not exist: C:\\Users\\User\\Downloads\\nodegame-v5.6.1\\games\\meritocracy-game-master\\data\\room000032\n    at NDDB.throwErr (C:\\Users\\User\\Downloads\\nodegame-v5.6.1\\node_modules\\NDDB\\nddb.js:613:41)\n    at NDDB.setWD (C:\\Users\\User\\Downloads\\nodegame-v5.6.1\\node_modules\\NDDB\\lib\\fs.js:60:22)\n    at NDDB.init (C:\\Users\\User\\Downloads\\nodegame-v5.6.1\\node_modules\\NDDB\\nddb.js:772:18)\n    at new NDDB (C:\\Users\\User\\Downloads\\nodegame-v5.6.1\\node_modules\\NDDB\\nddb.js:234:14)\n    at GameDB.NDDB._hashIt (C:\\Users\\User\\Downloads\\nodegame-v5.6.1\\node_modules\\NDDB\\nddb.js:1578:39)\n    at GameDB.nddb_insert (C:\\Users\\User\\Downloads\\nodegame-v5.6.1\\node_modules\\NDDB\\nddb.js:3789:18)\n    at GameDB.NDDB.insert (C:\\Users\\User\\Downloads\\nodegame-v5.6.1\\node_modules\\NDDB\\nddb.js:907:27)\n    at GameDB.add (C:\\Users\\User\\Downloads\\nodegame-v5.6.1\\node_modules\\nodegame-client\\lib\\core\\GameDB.js:108:14)\n    at Game.<anonymous> (C:\\Users\\User\\Downloads\\nodegame-v5.6.1\\node_modules\\nodegame-client\\listeners\\incoming.js:204:30)\n    at EventEmitter.emit (C:\\Users\\User\\Downloads\\nodegame-v5.6.1\\node_modules\\nodegame-client\\lib\\core\\EventEmitter.js:216:31)","timestamp":"2020-01-04T12:43:29.370Z"}
{"level":"error","message":"ServerNode caught an exception: \nTypeError: NDDB.setWD: working directory does not exist: C:\\Users\\User\\Downloads\\nodegame-v5.6.1\\games\\meritocracy-game-master\\data\\room000032\n    at NDDB.throwErr (C:\\Users\\User\\Downloads\\nodegame-v5.6.1\\node_modules\\NDDB\\nddb.js:613:41)\n    at NDDB.setWD (C:\\Users\\User\\Downloads\\nodegame-v5.6.1\\node_modules\\NDDB\\lib\\fs.js:60:22)\n    at NDDB.init (C:\\Users\\User\\Downloads\\nodegame-v5.6.1\\node_modules\\NDDB\\nddb.js:772:18)\n    at new NDDB (C:\\Users\\User\\Downloads\\nodegame-v5.6.1\\node_modules\\NDDB\\nddb.js:234:14)\n    at GameDB.NDDB._hashIt (C:\\Users\\User\\Downloads\\nodegame-v5.6.1\\node_modules\\NDDB\\nddb.js:1578:39)\n    at GameDB.nddb_insert (C:\\Users\\User\\Downloads\\nodegame-v5.6.1\\node_modules\\NDDB\\nddb.js:3789:18)\n    at GameDB.NDDB.insert (C:\\Users\\User\\Downloads\\nodegame-v5.6.1\\node_modules\\NDDB\\nddb.js:907:27)\n    at GameDB.add (C:\\Users\\User\\Downloads\\nodegame-v5.6.1\\node_modules\\nodegame-client\\lib\\core\\GameDB.js:108:14)\n    at Game.<anonymous> (C:\\Users\\User\\Downloads\\nodegame-v5.6.1\\node_modules\\nodegame-client\\listeners\\incoming.js:204:30)\n    at EventEmitter.emit (C:\\Users\\User\\Downloads\\nodegame-v5.6.1\\node_modules\\nodegame-client\\lib\\core\\EventEmitter.js:216:31)","timestamp":"2020-01-04T12:43:29.509Z"}
{"level":"error","message":"ServerNode caught an exception: \nTypeError: NDDB.setWD: working directory does not exist: C:\\Users\\User\\Downloads\\nodegame-v5.6.1\\games\\meritocracy-game-master\\data\\room000032\n    at NDDB.throwErr (C:\\Users\\User\\Downloads\\nodegame-v5.6.1\\node_modules\\NDDB\\nddb.js:613:41)\n    at NDDB.setWD (C:\\Users\\User\\Downloads\\nodegame-v5.6.1\\node_modules\\NDDB\\lib\\fs.js:60:22)\n    at NDDB.init (C:\\Users\\User\\Downloads\\nodegame-v5.6.1\\node_modules\\NDDB\\nddb.js:772:18)\n    at new NDDB (C:\\Users\\User\\Downloads\\nodegame-v5.6.1\\node_modules\\NDDB\\nddb.js:234:14)\n    at GameDB.NDDB._hashIt (C:\\Users\\User\\Downloads\\nodegame-v5.6.1\\node_modules\\NDDB\\nddb.js:1578:39)\n    at GameDB.nddb_insert (C:\\Users\\User\\Downloads\\nodegame-v5.6.1\\node_modules\\NDDB\\nddb.js:3789:18)\n    at GameDB.NDDB.insert (C:\\Users\\User\\Downloads\\nodegame-v5.6.1\\node_modules\\NDDB\\nddb.js:907:27)\n    at GameDB.add (C:\\Users\\User\\Downloads\\nodegame-v5.6.1\\node_modules\\nodegame-client\\lib\\core\\GameDB.js:108:14)\n    at Game.<anonymous> (C:\\Users\\User\\Downloads\\nodegame-v5.6.1\\node_modules\\nodegame-client\\listeners\\incoming.js:204:30)\n    at EventEmitter.emit (C:\\Users\\User\\Downloads\\nodegame-v5.6.1\\node_modules\\nodegame-client\\lib\\core\\EventEmitter.js:216:31)","timestamp":"2020-01-04T12:43:29.693Z"}
{"level":"error","message":"ServerNode caught an exception: \nTypeError: NDDB.setWD: working directory does not exist: C:\\Users\\User\\Downloads\\nodegame-v5.6.1\\games\\meritocracy-game-master\\data\\room000032\n    at NDDB.throwErr (C:\\Users\\User\\Downloads\\nodegame-v5.6.1\\node_modules\\NDDB\\nddb.js:613:41)\n    at NDDB.setWD (C:\\Users\\User\\Downloads\\nodegame-v5.6.1\\node_modules\\NDDB\\lib\\fs.js:60:22)\n    at NDDB.init (C:\\Users\\User\\Downloads\\nodegame-v5.6.1\\node_modules\\NDDB\\nddb.js:772:18)\n    at new NDDB (C:\\Users\\User\\Downloads\\nodegame-v5.6.1\\node_modules\\NDDB\\nddb.js:234:14)\n    at GameDB.NDDB._hashIt (C:\\Users\\User\\Downloads\\nodegame-v5.6.1\\node_modules\\NDDB\\nddb.js:1578:39)\n    at GameDB.nddb_insert (C:\\Users\\User\\Downloads\\nodegame-v5.6.1\\node_modules\\NDDB\\nddb.js:3789:18)\n    at GameDB.NDDB.insert (C:\\Users\\User\\Downloads\\nodegame-v5.6.1\\node_modules\\NDDB\\nddb.js:907:27)\n    at GameDB.add (C:\\Users\\User\\Downloads\\nodegame-v5.6.1\\node_modules\\nodegame-client\\lib\\core\\GameDB.js:108:14)\n    at Game.<anonymous> (C:\\Users\\User\\Downloads\\nodegame-v5.6.1\\node_modules\\nodegame-client\\listeners\\incoming.js:204:30)\n    at EventEmitter.emit (C:\\Users\\User\\Downloads\\nodegame-v5.6.1\\node_modules\\nodegame-client\\lib\\core\\EventEmitter.js:216:31)","timestamp":"2020-01-04T12:43:29.892Z"}
{"level":"error","message":"ServerNode caught an exception: \nTypeError: NDDB.setWD: working directory does not exist: C:\\Users\\User\\Downloads\\nodegame-v5.6.1\\games\\meritocracy-game-master\\data\\room000032\n    at NDDB.throwErr (C:\\Users\\User\\Downloads\\nodegame-v5.6.1\\node_modules\\NDDB\\nddb.js:613:41)\n    at NDDB.setWD (C:\\Users\\User\\Downloads\\nodegame-v5.6.1\\node_modules\\NDDB\\lib\\fs.js:60:22)\n    at NDDB.init (C:\\Users\\User\\Downloads\\nodegame-v5.6.1\\node_modules\\NDDB\\nddb.js:772:18)\n    at new NDDB (C:\\Users\\User\\Downloads\\nodegame-v5.6.1\\node_modules\\NDDB\\nddb.js:234:14)\n    at GameDB.NDDB._hashIt (C:\\Users\\User\\Downloads\\nodegame-v5.6.1\\node_modules\\NDDB\\nddb.js:1578:39)\n    at GameDB.nddb_insert (C:\\Users\\User\\Downloads\\nodegame-v5.6.1\\node_modules\\NDDB\\nddb.js:3789:18)\n    at GameDB.NDDB.insert (C:\\Users\\User\\Downloads\\nodegame-v5.6.1\\node_modules\\NDDB\\nddb.js:907:27)\n    at GameDB.add (C:\\Users\\User\\Downloads\\nodegame-v5.6.1\\node_modules\\nodegame-client\\lib\\core\\GameDB.js:108:14)\n    at Game.<anonymous> (C:\\Users\\User\\Downloads\\nodegame-v5.6.1\\node_modules\\nodegame-client\\listeners\\incoming.js:204:30)\n    at EventEmitter.emit (C:\\Users\\User\\Downloads\\nodegame-v5.6.1\\node_modules\\nodegame-client\\lib\\core\\EventEmitter.js:216:31)","timestamp":"2020-01-04T12:43:29.900Z"}
{"level":"error","message":"ServerNode caught an exception: \nTypeError: NDDB.setWD: working directory does not exist: C:\\Users\\User\\Downloads\\nodegame-v5.6.1\\games\\meritocracy-game-master\\data\\room000032\n    at NDDB.throwErr (C:\\Users\\User\\Downloads\\nodegame-v5.6.1\\node_modules\\NDDB\\nddb.js:613:41)\n    at NDDB.setWD (C:\\Users\\User\\Downloads\\nodegame-v5.6.1\\node_modules\\NDDB\\lib\\fs.js:60:22)\n    at NDDB.init (C:\\Users\\User\\Downloads\\nodegame-v5.6.1\\node_modules\\NDDB\\nddb.js:772:18)\n    at new NDDB (C:\\Users\\User\\Downloads\\nodegame-v5.6.1\\node_modules\\NDDB\\nddb.js:234:14)\n    at GameDB.NDDB._hashIt (C:\\Users\\User\\Downloads\\nodegame-v5.6.1\\node_modules\\NDDB\\nddb.js:1578:39)\n    at GameDB.nddb_insert (C:\\Users\\User\\Downloads\\nodegame-v5.6.1\\node_modules\\NDDB\\nddb.js:3789:18)\n    at GameDB.NDDB.insert (C:\\Users\\User\\Downloads\\nodegame-v5.6.1\\node_modules\\NDDB\\nddb.js:907:27)\n    at GameDB.add (C:\\Users\\User\\Downloads\\nodegame-v5.6.1\\node_modules\\nodegame-client\\lib\\core\\GameDB.js:108:14)\n    at Game.<anonymous> (C:\\Users\\User\\Downloads\\nodegame-v5.6.1\\node_modules\\nodegame-client\\listeners\\incoming.js:204:30)\n    at EventEmitter.emit (C:\\Users\\User\\Downloads\\nodegame-v5.6.1\\node_modules\\nodegame-client\\lib\\core\\EventEmitter.js:216:31)","timestamp":"2020-01-04T12:43:30.379Z"}
{"level":"error","message":"ServerNode caught an exception: \nTypeError: NDDB.setWD: working directory does not exist: C:\\Users\\User\\Downloads\\nodegame-v5.6.1\\games\\meritocracy-game-master\\data\\room000032\n    at NDDB.throwErr (C:\\Users\\User\\Downloads\\nodegame-v5.6.1\\node_modules\\NDDB\\nddb.js:613:41)\n    at NDDB.setWD (C:\\Users\\User\\Downloads\\nodegame-v5.6.1\\node_modules\\NDDB\\lib\\fs.js:60:22)\n    at NDDB.init (C:\\Users\\User\\Downloads\\nodegame-v5.6.1\\node_modules\\NDDB\\nddb.js:772:18)\n    at new NDDB (C:\\Users\\User\\Downloads\\nodegame-v5.6.1\\node_modules\\NDDB\\nddb.js:234:14)\n    at GameDB.NDDB._hashIt (C:\\Users\\User\\Downloads\\nodegame-v5.6.1\\node_modules\\NDDB\\nddb.js:1578:39)\n    at GameDB.nddb_insert (C:\\Users\\User\\Downloads\\nodegame-v5.6.1\\node_modules\\NDDB\\nddb.js:3789:18)\n    at GameDB.NDDB.insert (C:\\Users\\User\\Downloads\\nodegame-v5.6.1\\node_modules\\NDDB\\nddb.js:907:27)\n    at GameDB.add (C:\\Users\\User\\Downloads\\nodegame-v5.6.1\\node_modules\\nodegame-client\\lib\\core\\GameDB.js:108:14)\n    at Game.<anonymous> (C:\\Users\\User\\Downloads\\nodegame-v5.6.1\\node_modules\\nodegame-client\\listeners\\incoming.js:204:30)\n    at EventEmitter.emit (C:\\Users\\User\\Downloads\\nodegame-v5.6.1\\node_modules\\nodegame-client\\lib\\core\\EventEmitter.js:216:31)","timestamp":"2020-01-04T12:43:30.385Z"}
{"level":"error","message":"ServerNode caught an exception: \nTypeError: NDDB.setWD: working directory does not exist: C:\\Users\\User\\Downloads\\nodegame-v5.6.1\\games\\meritocracy-game-master\\data\\room000032\n    at NDDB.throwErr (C:\\Users\\User\\Downloads\\nodegame-v5.6.1\\node_modules\\NDDB\\nddb.js:613:41)\n    at NDDB.setWD (C:\\Users\\User\\Downloads\\nodegame-v5.6.1\\node_modules\\NDDB\\lib\\fs.js:60:22)\n    at NDDB.init (C:\\Users\\User\\Downloads\\nodegame-v5.6.1\\node_modules\\NDDB\\nddb.js:772:18)\n    at new NDDB (C:\\Users\\User\\Downloads\\nodegame-v5.6.1\\node_modules\\NDDB\\nddb.js:234:14)\n    at GameDB.NDDB._hashIt (C:\\Users\\User\\Downloads\\nodegame-v5.6.1\\node_modules\\NDDB\\nddb.js:1578:39)\n    at GameDB.nddb_insert (C:\\Users\\User\\Downloads\\nodegame-v5.6.1\\node_modules\\NDDB\\nddb.js:3789:18)\n    at GameDB.NDDB.insert (C:\\Users\\User\\Downloads\\nodegame-v5.6.1\\node_modules\\NDDB\\nddb.js:907:27)\n    at GameDB.add (C:\\Users\\User\\Downloads\\nodegame-v5.6.1\\node_modules\\nodegame-client\\lib\\core\\GameDB.js:108:14)\n    at Game.<anonymous> (C:\\Users\\User\\Downloads\\nodegame-v5.6.1\\node_modules\\nodegame-client\\listeners\\incoming.js:204:30)\n    at EventEmitter.emit (C:\\Users\\User\\Downloads\\nodegame-v5.6.1\\node_modules\\nodegame-client\\lib\\core\\EventEmitter.js:216:31)","timestamp":"2020-01-04T12:43:30.429Z"}
{"level":"error","message":"ServerNode caught an exception: \nTypeError: NDDB.setWD: working directory does not exist: C:\\Users\\User\\Downloads\\nodegame-v5.6.1\\games\\meritocracy-game-master\\data\\room000032\n    at NDDB.throwErr (C:\\Users\\User\\Downloads\\nodegame-v5.6.1\\node_modules\\NDDB\\nddb.js:613:41)\n    at NDDB.setWD (C:\\Users\\User\\Downloads\\nodegame-v5.6.1\\node_modules\\NDDB\\lib\\fs.js:60:22)\n    at NDDB.init (C:\\Users\\User\\Downloads\\nodegame-v5.6.1\\node_modules\\NDDB\\nddb.js:772:18)\n    at new NDDB (C:\\Users\\User\\Downloads\\nodegame-v5.6.1\\node_modules\\NDDB\\nddb.js:234:14)\n    at GameDB.NDDB._hashIt (C:\\Users\\User\\Downloads\\nodegame-v5.6.1\\node_modules\\NDDB\\nddb.js:1578:39)\n    at GameDB.nddb_insert (C:\\Users\\User\\Downloads\\nodegame-v5.6.1\\node_modules\\NDDB\\nddb.js:3789:18)\n    at GameDB.NDDB.insert (C:\\Users\\User\\Downloads\\nodegame-v5.6.1\\node_modules\\NDDB\\nddb.js:907:27)\n    at GameDB.add (C:\\Users\\User\\Downloads\\nodegame-v5.6.1\\node_modules\\nodegame-client\\lib\\core\\GameDB.js:108:14)\n    at Game.<anonymous> (C:\\Users\\User\\Downloads\\nodegame-v5.6.1\\node_modules\\nodegame-client\\listeners\\incoming.js:204:30)\n    at EventEmitter.emit (C:\\Users\\User\\Downloads\\nodegame-v5.6.1\\node_modules\\nodegame-client\\lib\\core\\EventEmitter.js:216:31)","timestamp":"2020-01-04T12:43:30.498Z"}
{"level":"error","message":"ServerNode caught an exception: \nTypeError: NDDB.setWD: working directory does not exist: C:\\Users\\User\\Downloads\\nodegame-v5.6.1\\games\\meritocracy-game-master\\data\\room000032\n    at NDDB.throwErr (C:\\Users\\User\\Downloads\\nodegame-v5.6.1\\node_modules\\NDDB\\nddb.js:613:41)\n    at NDDB.setWD (C:\\Users\\User\\Downloads\\nodegame-v5.6.1\\node_modules\\NDDB\\lib\\fs.js:60:22)\n    at NDDB.init (C:\\Users\\User\\Downloads\\nodegame-v5.6.1\\node_modules\\NDDB\\nddb.js:772:18)\n    at new NDDB (C:\\Users\\User\\Downloads\\nodegame-v5.6.1\\node_modules\\NDDB\\nddb.js:234:14)\n    at GameDB.NDDB._hashIt (C:\\Users\\User\\Downloads\\nodegame-v5.6.1\\node_modules\\NDDB\\nddb.js:1578:39)\n    at GameDB.nddb_insert (C:\\Users\\User\\Downloads\\nodegame-v5.6.1\\node_modules\\NDDB\\nddb.js:3789:18)\n    at GameDB.NDDB.insert (C:\\Users\\User\\Downloads\\nodegame-v5.6.1\\node_modules\\NDDB\\nddb.js:907:27)\n    at GameDB.add (C:\\Users\\User\\Downloads\\nodegame-v5.6.1\\node_modules\\nodegame-client\\lib\\core\\GameDB.js:108:14)\n    at Game.<anonymous> (C:\\Users\\User\\Downloads\\nodegame-v5.6.1\\node_modules\\nodegame-client\\listeners\\incoming.js:204:30)\n    at EventEmitter.emit (C:\\Users\\User\\Downloads\\nodegame-v5.6.1\\node_modules\\nodegame-client\\lib\\core\\EventEmitter.js:216:31)","timestamp":"2020-01-04T12:43:30.886Z"}
{"level":"error","message":"ServerNode caught an exception: \nTypeError: NDDB.setWD: working directory does not exist: C:\\Users\\User\\Downloads\\nodegame-v5.6.1\\games\\meritocracy-game-master\\data\\room000032\n    at NDDB.throwErr (C:\\Users\\User\\Downloads\\nodegame-v5.6.1\\node_modules\\NDDB\\nddb.js:613:41)\n    at NDDB.setWD (C:\\Users\\User\\Downloads\\nodegame-v5.6.1\\node_modules\\NDDB\\lib\\fs.js:60:22)\n    at NDDB.init (C:\\Users\\User\\Downloads\\nodegame-v5.6.1\\node_modules\\NDDB\\nddb.js:772:18)\n    at new NDDB (C:\\Users\\User\\Downloads\\nodegame-v5.6.1\\node_modules\\NDDB\\nddb.js:234:14)\n    at GameDB.NDDB._hashIt (C:\\Users\\User\\Downloads\\nodegame-v5.6.1\\node_modules\\NDDB\\nddb.js:1578:39)\n    at GameDB.nddb_insert (C:\\Users\\User\\Downloads\\nodegame-v5.6.1\\node_modules\\NDDB\\nddb.js:3789:18)\n    at GameDB.NDDB.insert (C:\\Users\\User\\Downloads\\nodegame-v5.6.1\\node_modules\\NDDB\\nddb.js:907:27)\n    at GameDB.add (C:\\Users\\User\\Downloads\\nodegame-v5.6.1\\node_modules\\nodegame-client\\lib\\core\\GameDB.js:108:14)\n    at Game.<anonymous> (C:\\Users\\User\\Downloads\\nodegame-v5.6.1\\node_modules\\nodegame-client\\listeners\\incoming.js:204:30)\n    at EventEmitter.emit (C:\\Users\\User\\Downloads\\nodegame-v5.6.1\\node_modules\\nodegame-client\\lib\\core\\EventEmitter.js:216:31)","timestamp":"2020-01-04T12:44:16.918Z"}
{"level":"error","message":"ServerNode caught an exception: \nTypeError: NDDB.setWD: working directory does not exist: C:\\Users\\User\\Downloads\\nodegame-v5.6.1\\games\\meritocracy-game-master\\data\\room000032\n    at NDDB.throwErr (C:\\Users\\User\\Downloads\\nodegame-v5.6.1\\node_modules\\NDDB\\nddb.js:613:41)\n    at NDDB.setWD (C:\\Users\\User\\Downloads\\nodegame-v5.6.1\\node_modules\\NDDB\\lib\\fs.js:60:22)\n    at NDDB.init (C:\\Users\\User\\Downloads\\nodegame-v5.6.1\\node_modules\\NDDB\\nddb.js:772:18)\n    at new NDDB (C:\\Users\\User\\Downloads\\nodegame-v5.6.1\\node_modules\\NDDB\\nddb.js:234:14)\n    at GameDB.NDDB._hashIt (C:\\Users\\User\\Downloads\\nodegame-v5.6.1\\node_modules\\NDDB\\nddb.js:1578:39)\n    at GameDB.nddb_insert (C:\\Users\\User\\Downloads\\nodegame-v5.6.1\\node_modules\\NDDB\\nddb.js:3789:18)\n    at GameDB.NDDB.insert (C:\\Users\\User\\Downloads\\nodegame-v5.6.1\\node_modules\\NDDB\\nddb.js:907:27)\n    at GameDB.add (C:\\Users\\User\\Downloads\\nodegame-v5.6.1\\node_modules\\nodegame-client\\lib\\core\\GameDB.js:108:14)\n    at Game.<anonymous> (C:\\Users\\User\\Downloads\\nodegame-v5.6.1\\node_modules\\nodegame-client\\listeners\\incoming.js:204:30)\n    at EventEmitter.emit (C:\\Users\\User\\Downloads\\nodegame-v5.6.1\\node_modules\\nodegame-client\\lib\\core\\EventEmitter.js:216:31)","timestamp":"2020-01-04T12:44:18.158Z"}
{"level":"error","message":"ServerNode caught an exception: \nTypeError: NDDB.setWD: working directory does not exist: C:\\Users\\User\\Downloads\\nodegame-v5.6.1\\games\\meritocracy-game-master\\data\\room000032\n    at NDDB.throwErr (C:\\Users\\User\\Downloads\\nodegame-v5.6.1\\node_modules\\NDDB\\nddb.js:613:41)\n    at NDDB.setWD (C:\\Users\\User\\Downloads\\nodegame-v5.6.1\\node_modules\\NDDB\\lib\\fs.js:60:22)\n    at NDDB.init (C:\\Users\\User\\Downloads\\nodegame-v5.6.1\\node_modules\\NDDB\\nddb.js:772:18)\n    at new NDDB (C:\\Users\\User\\Downloads\\nodegame-v5.6.1\\node_modules\\NDDB\\nddb.js:234:14)\n    at GameDB.NDDB._hashIt (C:\\Users\\User\\Downloads\\nodegame-v5.6.1\\node_modules\\NDDB\\nddb.js:1578:39)\n    at GameDB.nddb_insert (C:\\Users\\User\\Downloads\\nodegame-v5.6.1\\node_modules\\NDDB\\nddb.js:3789:18)\n    at GameDB.NDDB.insert (C:\\Users\\User\\Downloads\\nodegame-v5.6.1\\node_modules\\NDDB\\nddb.js:907:27)\n    at GameDB.add (C:\\Users\\User\\Downloads\\nodegame-v5.6.1\\node_modules\\nodegame-client\\lib\\core\\GameDB.js:108:14)\n    at Game.<anonymous> (C:\\Users\\User\\Downloads\\nodegame-v5.6.1\\node_modules\\nodegame-client\\listeners\\incoming.js:204:30)\n    at EventEmitter.emit (C:\\Users\\User\\Downloads\\nodegame-v5.6.1\\node_modules\\nodegame-client\\lib\\core\\EventEmitter.js:216:31)","timestamp":"2020-01-04T12:44:18.264Z"}
{"level":"error","message":"ServerNode caught an exception: \nTypeError: NDDB.setWD: working directory does not exist: C:\\Users\\User\\Downloads\\nodegame-v5.6.1\\games\\meritocracy-game-master\\data\\room000032\n    at NDDB.throwErr (C:\\Users\\User\\Downloads\\nodegame-v5.6.1\\node_modules\\NDDB\\nddb.js:613:41)\n    at NDDB.setWD (C:\\Users\\User\\Downloads\\nodegame-v5.6.1\\node_modules\\NDDB\\lib\\fs.js:60:22)\n    at NDDB.init (C:\\Users\\User\\Downloads\\nodegame-v5.6.1\\node_modules\\NDDB\\nddb.js:772:18)\n    at new NDDB (C:\\Users\\User\\Downloads\\nodegame-v5.6.1\\node_modules\\NDDB\\nddb.js:234:14)\n    at GameDB.NDDB._hashIt (C:\\Users\\User\\Downloads\\nodegame-v5.6.1\\node_modules\\NDDB\\nddb.js:1578:39)\n    at GameDB.nddb_insert (C:\\Users\\User\\Downloads\\nodegame-v5.6.1\\node_modules\\NDDB\\nddb.js:3789:18)\n    at GameDB.NDDB.insert (C:\\Users\\User\\Downloads\\nodegame-v5.6.1\\node_modules\\NDDB\\nddb.js:907:27)\n    at GameDB.add (C:\\Users\\User\\Downloads\\nodegame-v5.6.1\\node_modules\\nodegame-client\\lib\\core\\GameDB.js:108:14)\n    at Game.<anonymous> (C:\\Users\\User\\Downloads\\nodegame-v5.6.1\\node_modules\\nodegame-client\\listeners\\incoming.js:204:30)\n    at EventEmitter.emit (C:\\Users\\User\\Downloads\\nodegame-v5.6.1\\node_modules\\nodegame-client\\lib\\core\\EventEmitter.js:216:31)","timestamp":"2020-01-04T12:44:18.402Z"}
{"level":"error","message":"ServerNode caught an exception: \nTypeError: NDDB.setWD: working directory does not exist: C:\\Users\\User\\Downloads\\nodegame-v5.6.1\\games\\meritocracy-game-master\\data\\room000032\n    at NDDB.throwErr (C:\\Users\\User\\Downloads\\nodegame-v5.6.1\\node_modules\\NDDB\\nddb.js:613:41)\n    at NDDB.setWD (C:\\Users\\User\\Downloads\\nodegame-v5.6.1\\node_modules\\NDDB\\lib\\fs.js:60:22)\n    at NDDB.init (C:\\Users\\User\\Downloads\\nodegame-v5.6.1\\node_modules\\NDDB\\nddb.js:772:18)\n    at new NDDB (C:\\Users\\User\\Downloads\\nodegame-v5.6.1\\node_modules\\NDDB\\nddb.js:234:14)\n    at GameDB.NDDB._hashIt (C:\\Users\\User\\Downloads\\nodegame-v5.6.1\\node_modules\\NDDB\\nddb.js:1578:39)\n    at GameDB.nddb_insert (C:\\Users\\User\\Downloads\\nodegame-v5.6.1\\node_modules\\NDDB\\nddb.js:3789:18)\n    at GameDB.NDDB.insert (C:\\Users\\User\\Downloads\\nodegame-v5.6.1\\node_modules\\NDDB\\nddb.js:907:27)\n    at GameDB.add (C:\\Users\\User\\Downloads\\nodegame-v5.6.1\\node_modules\\nodegame-client\\lib\\core\\GameDB.js:108:14)\n    at Game.<anonymous> (C:\\Users\\User\\Downloads\\nodegame-v5.6.1\\node_modules\\nodegame-client\\listeners\\incoming.js:204:30)\n    at EventEmitter.emit (C:\\Users\\User\\Downloads\\nodegame-v5.6.1\\node_modules\\nodegame-client\\lib\\core\\EventEmitter.js:216:31)","timestamp":"2020-01-04T12:44:18.533Z"}
{"level":"error","message":"ServerNode caught an exception: \nTypeError: NDDB.setWD: working directory does not exist: C:\\Users\\User\\Downloads\\nodegame-v5.6.1\\games\\meritocracy-game-master\\data\\room000032\n    at NDDB.throwErr (C:\\Users\\User\\Downloads\\nodegame-v5.6.1\\node_modules\\NDDB\\nddb.js:613:41)\n    at NDDB.setWD (C:\\Users\\User\\Downloads\\nodegame-v5.6.1\\node_modules\\NDDB\\lib\\fs.js:60:22)\n    at NDDB.init (C:\\Users\\User\\Downloads\\nodegame-v5.6.1\\node_modules\\NDDB\\nddb.js:772:18)\n    at new NDDB (C:\\Users\\User\\Downloads\\nodegame-v5.6.1\\node_modules\\NDDB\\nddb.js:234:14)\n    at GameDB.NDDB._hashIt (C:\\Users\\User\\Downloads\\nodegame-v5.6.1\\node_modules\\NDDB\\nddb.js:1578:39)\n    at GameDB.nddb_insert (C:\\Users\\User\\Downloads\\nodegame-v5.6.1\\node_modules\\NDDB\\nddb.js:3789:18)\n    at GameDB.NDDB.insert (C:\\Users\\User\\Downloads\\nodegame-v5.6.1\\node_modules\\NDDB\\nddb.js:907:27)\n    at GameDB.add (C:\\Users\\User\\Downloads\\nodegame-v5.6.1\\node_modules\\nodegame-client\\lib\\core\\GameDB.js:108:14)\n    at Game.<anonymous> (C:\\Users\\User\\Downloads\\nodegame-v5.6.1\\node_modules\\nodegame-client\\listeners\\incoming.js:204:30)\n    at EventEmitter.emit (C:\\Users\\User\\Downloads\\nodegame-v5.6.1\\node_modules\\nodegame-client\\lib\\core\\EventEmitter.js:216:31)","timestamp":"2020-01-04T12:44:18.553Z"}
{"level":"error","message":"ServerNode caught an exception: \nTypeError: NDDB.setWD: working directory does not exist: C:\\Users\\User\\Downloads\\nodegame-v5.6.1\\games\\meritocracy-game-master\\data\\room000032\n    at NDDB.throwErr (C:\\Users\\User\\Downloads\\nodegame-v5.6.1\\node_modules\\NDDB\\nddb.js:613:41)\n    at NDDB.setWD (C:\\Users\\User\\Downloads\\nodegame-v5.6.1\\node_modules\\NDDB\\lib\\fs.js:60:22)\n    at NDDB.init (C:\\Users\\User\\Downloads\\nodegame-v5.6.1\\node_modules\\NDDB\\nddb.js:772:18)\n    at new NDDB (C:\\Users\\User\\Downloads\\nodegame-v5.6.1\\node_modules\\NDDB\\nddb.js:234:14)\n    at GameDB.NDDB._hashIt (C:\\Users\\User\\Downloads\\nodegame-v5.6.1\\node_modules\\NDDB\\nddb.js:1578:39)\n    at GameDB.nddb_insert (C:\\Users\\User\\Downloads\\nodegame-v5.6.1\\node_modules\\NDDB\\nddb.js:3789:18)\n    at GameDB.NDDB.insert (C:\\Users\\User\\Downloads\\nodegame-v5.6.1\\node_modules\\NDDB\\nddb.js:907:27)\n    at GameDB.add (C:\\Users\\User\\Downloads\\nodegame-v5.6.1\\node_modules\\nodegame-client\\lib\\core\\GameDB.js:108:14)\n    at Game.<anonymous> (C:\\Users\\User\\Downloads\\nodegame-v5.6.1\\node_modules\\nodegame-client\\listeners\\incoming.js:204:30)\n    at EventEmitter.emit (C:\\Users\\User\\Downloads\\nodegame-v5.6.1\\node_modules\\nodegame-client\\lib\\core\\EventEmitter.js:216:31)","timestamp":"2020-01-04T12:44:18.568Z"}
{"level":"error","message":"ServerNode caught an exception: \nTypeError: NDDB.setWD: working directory does not exist: C:\\Users\\User\\Downloads\\nodegame-v5.6.1\\games\\meritocracy-game-master\\data\\room000032\n    at NDDB.throwErr (C:\\Users\\User\\Downloads\\nodegame-v5.6.1\\node_modules\\NDDB\\nddb.js:613:41)\n    at NDDB.setWD (C:\\Users\\User\\Downloads\\nodegame-v5.6.1\\node_modules\\NDDB\\lib\\fs.js:60:22)\n    at NDDB.init (C:\\Users\\User\\Downloads\\nodegame-v5.6.1\\node_modules\\NDDB\\nddb.js:772:18)\n    at new NDDB (C:\\Users\\User\\Downloads\\nodegame-v5.6.1\\node_modules\\NDDB\\nddb.js:234:14)\n    at GameDB.NDDB._hashIt (C:\\Users\\User\\Downloads\\nodegame-v5.6.1\\node_modules\\NDDB\\nddb.js:1578:39)\n    at GameDB.nddb_insert (C:\\Users\\User\\Downloads\\nodegame-v5.6.1\\node_modules\\NDDB\\nddb.js:3789:18)\n    at GameDB.NDDB.insert (C:\\Users\\User\\Downloads\\nodegame-v5.6.1\\node_modules\\NDDB\\nddb.js:907:27)\n    at GameDB.add (C:\\Users\\User\\Downloads\\nodegame-v5.6.1\\node_modules\\nodegame-client\\lib\\core\\GameDB.js:108:14)\n    at Game.<anonymous> (C:\\Users\\User\\Downloads\\nodegame-v5.6.1\\node_modules\\nodegame-client\\listeners\\incoming.js:204:30)\n    at EventEmitter.emit (C:\\Users\\User\\Downloads\\nodegame-v5.6.1\\node_modules\\nodegame-client\\lib\\core\\EventEmitter.js:216:31)","timestamp":"2020-01-04T12:44:18.693Z"}
{"level":"error","message":"ServerNode caught an exception: \nTypeError: NDDB.setWD: working directory does not exist: C:\\Users\\User\\Downloads\\nodegame-v5.6.1\\games\\meritocracy-game-master\\data\\room000032\n    at NDDB.throwErr (C:\\Users\\User\\Downloads\\nodegame-v5.6.1\\node_modules\\NDDB\\nddb.js:613:41)\n    at NDDB.setWD (C:\\Users\\User\\Downloads\\nodegame-v5.6.1\\node_modules\\NDDB\\lib\\fs.js:60:22)\n    at NDDB.init (C:\\Users\\User\\Downloads\\nodegame-v5.6.1\\node_modules\\NDDB\\nddb.js:772:18)\n    at new NDDB (C:\\Users\\User\\Downloads\\nodegame-v5.6.1\\node_modules\\NDDB\\nddb.js:234:14)\n    at GameDB.NDDB._hashIt (C:\\Users\\User\\Downloads\\nodegame-v5.6.1\\node_modules\\NDDB\\nddb.js:1578:39)\n    at GameDB.nddb_insert (C:\\Users\\User\\Downloads\\nodegame-v5.6.1\\node_modules\\NDDB\\nddb.js:3789:18)\n    at GameDB.NDDB.insert (C:\\Users\\User\\Downloads\\nodegame-v5.6.1\\node_modules\\NDDB\\nddb.js:907:27)\n    at GameDB.add (C:\\Users\\User\\Downloads\\nodegame-v5.6.1\\node_modules\\nodegame-client\\lib\\core\\GameDB.js:108:14)\n    at Game.<anonymous> (C:\\Users\\User\\Downloads\\nodegame-v5.6.1\\node_modules\\nodegame-client\\listeners\\incoming.js:204:30)\n    at EventEmitter.emit (C:\\Users\\User\\Downloads\\nodegame-v5.6.1\\node_modules\\nodegame-client\\lib\\core\\EventEmitter.js:216:31)","timestamp":"2020-01-04T12:44:18.777Z"}
{"level":"error","message":"ServerNode caught an exception: \nTypeError: NDDB.setWD: working directory does not exist: C:\\Users\\User\\Downloads\\nodegame-v5.6.1\\games\\meritocracy-game-master\\data\\room000032\n    at NDDB.throwErr (C:\\Users\\User\\Downloads\\nodegame-v5.6.1\\node_modules\\NDDB\\nddb.js:613:41)\n    at NDDB.setWD (C:\\Users\\User\\Downloads\\nodegame-v5.6.1\\node_modules\\NDDB\\lib\\fs.js:60:22)\n    at NDDB.init (C:\\Users\\User\\Downloads\\nodegame-v5.6.1\\node_modules\\NDDB\\nddb.js:772:18)\n    at new NDDB (C:\\Users\\User\\Downloads\\nodegame-v5.6.1\\node_modules\\NDDB\\nddb.js:234:14)\n    at GameDB.NDDB._hashIt (C:\\Users\\User\\Downloads\\nodegame-v5.6.1\\node_modules\\NDDB\\nddb.js:1578:39)\n    at GameDB.nddb_insert (C:\\Users\\User\\Downloads\\nodegame-v5.6.1\\node_modules\\NDDB\\nddb.js:3789:18)\n    at GameDB.NDDB.insert (C:\\Users\\User\\Downloads\\nodegame-v5.6.1\\node_modules\\NDDB\\nddb.js:907:27)\n    at GameDB.add (C:\\Users\\User\\Downloads\\nodegame-v5.6.1\\node_modules\\nodegame-client\\lib\\core\\GameDB.js:108:14)\n    at Game.<anonymous> (C:\\Users\\User\\Downloads\\nodegame-v5.6.1\\node_modules\\nodegame-client\\listeners\\incoming.js:204:30)\n    at EventEmitter.emit (C:\\Users\\User\\Downloads\\nodegame-v5.6.1\\node_modules\\nodegame-client\\lib\\core\\EventEmitter.js:216:31)","timestamp":"2020-01-04T12:44:18.810Z"}
{"level":"error","message":"ServerNode caught an exception: \nTypeError: NDDB.setWD: working directory does not exist: C:\\Users\\User\\Downloads\\nodegame-v5.6.1\\games\\meritocracy-game-master\\data\\room000032\n    at NDDB.throwErr (C:\\Users\\User\\Downloads\\nodegame-v5.6.1\\node_modules\\NDDB\\nddb.js:613:41)\n    at NDDB.setWD (C:\\Users\\User\\Downloads\\nodegame-v5.6.1\\node_modules\\NDDB\\lib\\fs.js:60:22)\n    at NDDB.init (C:\\Users\\User\\Downloads\\nodegame-v5.6.1\\node_modules\\NDDB\\nddb.js:772:18)\n    at new NDDB (C:\\Users\\User\\Downloads\\nodegame-v5.6.1\\node_modules\\NDDB\\nddb.js:234:14)\n    at GameDB.NDDB._hashIt (C:\\Users\\User\\Downloads\\nodegame-v5.6.1\\node_modules\\NDDB\\nddb.js:1578:39)\n    at GameDB.nddb_insert (C:\\Users\\User\\Downloads\\nodegame-v5.6.1\\node_modules\\NDDB\\nddb.js:3789:18)\n    at GameDB.NDDB.insert (C:\\Users\\User\\Downloads\\nodegame-v5.6.1\\node_modules\\NDDB\\nddb.js:907:27)\n    at GameDB.add (C:\\Users\\User\\Downloads\\nodegame-v5.6.1\\node_modules\\nodegame-client\\lib\\core\\GameDB.js:108:14)\n    at Game.<anonymous> (C:\\Users\\User\\Downloads\\nodegame-v5.6.1\\node_modules\\nodegame-client\\listeners\\incoming.js:204:30)\n    at EventEmitter.emit (C:\\Users\\User\\Downloads\\nodegame-v5.6.1\\node_modules\\nodegame-client\\lib\\core\\EventEmitter.js:216:31)","timestamp":"2020-01-04T12:44:18.867Z"}
{"level":"error","message":"ServerNode caught an exception: \nTypeError: NDDB.setWD: working directory does not exist: C:\\Users\\User\\Downloads\\nodegame-v5.6.1\\games\\meritocracy-game-master\\data\\room000032\n    at NDDB.throwErr (C:\\Users\\User\\Downloads\\nodegame-v5.6.1\\node_modules\\NDDB\\nddb.js:613:41)\n    at NDDB.setWD (C:\\Users\\User\\Downloads\\nodegame-v5.6.1\\node_modules\\NDDB\\lib\\fs.js:60:22)\n    at NDDB.init (C:\\Users\\User\\Downloads\\nodegame-v5.6.1\\node_modules\\NDDB\\nddb.js:772:18)\n    at new NDDB (C:\\Users\\User\\Downloads\\nodegame-v5.6.1\\node_modules\\NDDB\\nddb.js:234:14)\n    at GameDB.NDDB._hashIt (C:\\Users\\User\\Downloads\\nodegame-v5.6.1\\node_modules\\NDDB\\nddb.js:1578:39)\n    at GameDB.nddb_insert (C:\\Users\\User\\Downloads\\nodegame-v5.6.1\\node_modules\\NDDB\\nddb.js:3789:18)\n    at GameDB.NDDB.insert (C:\\Users\\User\\Downloads\\nodegame-v5.6.1\\node_modules\\NDDB\\nddb.js:907:27)\n    at GameDB.add (C:\\Users\\User\\Downloads\\nodegame-v5.6.1\\node_modules\\nodegame-client\\lib\\core\\GameDB.js:108:14)\n    at Game.<anonymous> (C:\\Users\\User\\Downloads\\nodegame-v5.6.1\\node_modules\\nodegame-client\\listeners\\incoming.js:204:30)\n    at EventEmitter.emit (C:\\Users\\User\\Downloads\\nodegame-v5.6.1\\node_modules\\nodegame-client\\lib\\core\\EventEmitter.js:216:31)","timestamp":"2020-01-04T12:44:19.166Z"}
{"level":"error","message":"ServerNode caught an exception: \nTypeError: NDDB.setWD: working directory does not exist: C:\\Users\\User\\Downloads\\nodegame-v5.6.1\\games\\meritocracy-game-master\\data\\room000032\n    at NDDB.throwErr (C:\\Users\\User\\Downloads\\nodegame-v5.6.1\\node_modules\\NDDB\\nddb.js:613:41)\n    at NDDB.setWD (C:\\Users\\User\\Downloads\\nodegame-v5.6.1\\node_modules\\NDDB\\lib\\fs.js:60:22)\n    at NDDB.init (C:\\Users\\User\\Downloads\\nodegame-v5.6.1\\node_modules\\NDDB\\nddb.js:772:18)\n    at new NDDB (C:\\Users\\User\\Downloads\\nodegame-v5.6.1\\node_modules\\NDDB\\nddb.js:234:14)\n    at GameDB.NDDB._hashIt (C:\\Users\\User\\Downloads\\nodegame-v5.6.1\\node_modules\\NDDB\\nddb.js:1578:39)\n    at GameDB.nddb_insert (C:\\Users\\User\\Downloads\\nodegame-v5.6.1\\node_modules\\NDDB\\nddb.js:3789:18)\n    at GameDB.NDDB.insert (C:\\Users\\User\\Downloads\\nodegame-v5.6.1\\node_modules\\NDDB\\nddb.js:907:27)\n    at GameDB.add (C:\\Users\\User\\Downloads\\nodegame-v5.6.1\\node_modules\\nodegame-client\\lib\\core\\GameDB.js:108:14)\n    at Game.<anonymous> (C:\\Users\\User\\Downloads\\nodegame-v5.6.1\\node_modules\\nodegame-client\\listeners\\incoming.js:204:30)\n    at EventEmitter.emit (C:\\Users\\User\\Downloads\\nodegame-v5.6.1\\node_modules\\nodegame-client\\lib\\core\\EventEmitter.js:216:31)","timestamp":"2020-01-04T12:44:19.171Z"}
{"level":"error","message":"ServerNode caught an exception: \nTypeError: NDDB.setWD: working directory does not exist: C:\\Users\\User\\Downloads\\nodegame-v5.6.1\\games\\meritocracy-game-master\\data\\room000032\n    at NDDB.throwErr (C:\\Users\\User\\Downloads\\nodegame-v5.6.1\\node_modules\\NDDB\\nddb.js:613:41)\n    at NDDB.setWD (C:\\Users\\User\\Downloads\\nodegame-v5.6.1\\node_modules\\NDDB\\lib\\fs.js:60:22)\n    at NDDB.init (C:\\Users\\User\\Downloads\\nodegame-v5.6.1\\node_modules\\NDDB\\nddb.js:772:18)\n    at new NDDB (C:\\Users\\User\\Downloads\\nodegame-v5.6.1\\node_modules\\NDDB\\nddb.js:234:14)\n    at GameDB.NDDB._hashIt (C:\\Users\\User\\Downloads\\nodegame-v5.6.1\\node_modules\\NDDB\\nddb.js:1578:39)\n    at GameDB.nddb_insert (C:\\Users\\User\\Downloads\\nodegame-v5.6.1\\node_modules\\NDDB\\nddb.js:3789:18)\n    at GameDB.NDDB.insert (C:\\Users\\User\\Downloads\\nodegame-v5.6.1\\node_modules\\NDDB\\nddb.js:907:27)\n    at GameDB.add (C:\\Users\\User\\Downloads\\nodegame-v5.6.1\\node_modules\\nodegame-client\\lib\\core\\GameDB.js:108:14)\n    at Game.<anonymous> (C:\\Users\\User\\Downloads\\nodegame-v5.6.1\\node_modules\\nodegame-client\\listeners\\incoming.js:204:30)\n    at EventEmitter.emit (C:\\Users\\User\\Downloads\\nodegame-v5.6.1\\node_modules\\nodegame-client\\lib\\core\\EventEmitter.js:216:31)","timestamp":"2020-01-04T12:44:19.321Z"}
{"level":"error","message":"ServerNode caught an exception: \nTypeError: NDDB.setWD: working directory does not exist: C:\\Users\\User\\Downloads\\nodegame-v5.6.1\\games\\meritocracy-game-master\\data\\room000032\n    at NDDB.throwErr (C:\\Users\\User\\Downloads\\nodegame-v5.6.1\\node_modules\\NDDB\\nddb.js:613:41)\n    at NDDB.setWD (C:\\Users\\User\\Downloads\\nodegame-v5.6.1\\node_modules\\NDDB\\lib\\fs.js:60:22)\n    at NDDB.init (C:\\Users\\User\\Downloads\\nodegame-v5.6.1\\node_modules\\NDDB\\nddb.js:772:18)\n    at new NDDB (C:\\Users\\User\\Downloads\\nodegame-v5.6.1\\node_modules\\NDDB\\nddb.js:234:14)\n    at GameDB.NDDB._hashIt (C:\\Users\\User\\Downloads\\nodegame-v5.6.1\\node_modules\\NDDB\\nddb.js:1578:39)\n    at GameDB.nddb_insert (C:\\Users\\User\\Downloads\\nodegame-v5.6.1\\node_modules\\NDDB\\nddb.js:3789:18)\n    at GameDB.NDDB.insert (C:\\Users\\User\\Downloads\\nodegame-v5.6.1\\node_modules\\NDDB\\nddb.js:907:27)\n    at GameDB.add (C:\\Users\\User\\Downloads\\nodegame-v5.6.1\\node_modules\\nodegame-client\\lib\\core\\GameDB.js:108:14)\n    at Game.<anonymous> (C:\\Users\\User\\Downloads\\nodegame-v5.6.1\\node_modules\\nodegame-client\\listeners\\incoming.js:204:30)\n    at EventEmitter.emit (C:\\Users\\User\\Downloads\\nodegame-v5.6.1\\node_modules\\nodegame-client\\lib\\core\\EventEmitter.js:216:31)","timestamp":"2020-01-04T12:44:19.426Z"}
{"level":"error","message":"ServerNode caught an exception: \nTypeError: NDDB.setWD: working directory does not exist: C:\\Users\\User\\Downloads\\nodegame-v5.6.1\\games\\meritocracy-game-master\\data\\room000032\n    at NDDB.throwErr (C:\\Users\\User\\Downloads\\nodegame-v5.6.1\\node_modules\\NDDB\\nddb.js:613:41)\n    at NDDB.setWD (C:\\Users\\User\\Downloads\\nodegame-v5.6.1\\node_modules\\NDDB\\lib\\fs.js:60:22)\n    at NDDB.init (C:\\Users\\User\\Downloads\\nodegame-v5.6.1\\node_modules\\NDDB\\nddb.js:772:18)\n    at new NDDB (C:\\Users\\User\\Downloads\\nodegame-v5.6.1\\node_modules\\NDDB\\nddb.js:234:14)\n    at GameDB.NDDB._hashIt (C:\\Users\\User\\Downloads\\nodegame-v5.6.1\\node_modules\\NDDB\\nddb.js:1578:39)\n    at GameDB.nddb_insert (C:\\Users\\User\\Downloads\\nodegame-v5.6.1\\node_modules\\NDDB\\nddb.js:3789:18)\n    at GameDB.NDDB.insert (C:\\Users\\User\\Downloads\\nodegame-v5.6.1\\node_modules\\NDDB\\nddb.js:907:27)\n    at GameDB.add (C:\\Users\\User\\Downloads\\nodegame-v5.6.1\\node_modules\\nodegame-client\\lib\\core\\GameDB.js:108:14)\n    at Game.<anonymous> (C:\\Users\\User\\Downloads\\nodegame-v5.6.1\\node_modules\\nodegame-client\\listeners\\incoming.js:204:30)\n    at EventEmitter.emit (C:\\Users\\User\\Downloads\\nodegame-v5.6.1\\node_modules\\nodegame-client\\lib\\core\\EventEmitter.js:216:31)","timestamp":"2020-01-04T12:44:19.912Z"}
{"level":"warn","message":"GameLoader.loadAuthDir: channel ultimatum: authorization disabled in configuration file","timestamp":"2020-01-04T13:25:07.673Z"}
{"level":"warn","message":"GameLoader.loadAuthDir: channel meritocracy: authorization disabled in configuration file","timestamp":"2020-01-04T13:25:07.935Z"}
{"level":"warn","message":"GameLoader.buildRequirementsConf: requirements checking disabled in configuration file. Game: meritocracy","timestamp":"2020-01-04T13:25:07.942Z"}
{"level":"warn","message":"GameLoader.loadAuthDir: channel meritocracy: authorization disabled in configuration file","timestamp":"2020-01-04T13:26:01.922Z"}
{"level":"warn","message":"GameLoader.buildRequirementsConf: requirements checking disabled in configuration file. Game: meritocracy","timestamp":"2020-01-04T13:26:01.925Z"}
{"level":"warn","message":"GameLoader.loadAuthDir: channel ultimatum: authorization disabled in configuration file","timestamp":"2020-01-04T13:26:02.036Z"}
{"level":"warn","message":"GameLoader.loadAuthDir: channel meritocracy: authorization disabled in configuration file","timestamp":"2020-01-04T13:57:19.097Z"}
{"level":"warn","message":"GameLoader.buildRequirementsConf: requirements checking disabled in configuration file. Game: meritocracy","timestamp":"2020-01-04T13:57:19.101Z"}
{"level":"warn","message":"GameLoader.loadAuthDir: channel ultimatum: authorization disabled in configuration file","timestamp":"2020-01-04T13:57:19.217Z"}
{"level":"warn","message":"GameLoader.loadAuthDir: channel meritocracy: authorization disabled in configuration file","timestamp":"2020-01-05T12:25:08.110Z"}
{"level":"warn","message":"GameLoader.buildRequirementsConf: requirements checking disabled in configuration file. Game: meritocracy","timestamp":"2020-01-05T12:25:08.114Z"}
{"level":"warn","message":"GameLoader.loadAuthDir: channel ultimatum: authorization disabled in configuration file","timestamp":"2020-01-05T12:25:08.204Z"}
{"level":"warn","message":"GameLoader.loadAuthDir: channel meritocracy: authorization disabled in configuration file","timestamp":"2020-01-05T13:11:16.403Z"}
{"level":"warn","message":"GameLoader.buildRequirementsConf: requirements checking disabled in configuration file. Game: meritocracy","timestamp":"2020-01-05T13:11:16.405Z"}
{"level":"warn","message":"GameLoader.loadAuthDir: channel ultimatum: authorization disabled in configuration file","timestamp":"2020-01-05T13:11:16.474Z"}
